#
# There is insufficient memory for the Java Runtime Environment to continue.
# Native memory allocation (malloc) failed to allocate 32744 bytes for ChunkPool::allocate
# Possible reasons:
#   The system is out of physical RAM or swap space
#   The process is running with CompressedOops enabled, and the Java Heap may be blocking the growth of the native heap
# Possible solutions:
#   Reduce memory load on the system
#   Increase physical memory or swap space
#   Check if swap backing store is full
#   Decrease Java heap size (-Xmx/-Xms)
#   Decrease number of Java threads
#   Decrease Java thread stack sizes (-Xss)
#   Set larger code cache with -XX:ReservedCodeCacheSize=
#   JVM is running with Unscaled Compressed Oops mode in which the Java heap is
#     placed in the first 4GB address space. The Java Heap base address is the
#     maximum limit for the native heap growth. Please use -XX:HeapBaseMinAddress
#     to set the Java Heap base and to place the Java Heap above 4GB virtual address.
# This output file may be truncated or incomplete.
#
#  Out of Memory Error (t:/workspace/open/src/hotspot/share/memory/arena.cpp:81), pid=1956, tid=17844
#
# JRE version: OpenJDK Runtime Environment (11.0.2+9) (build 11.0.2+9)
# Java VM: OpenJDK 64-Bit Server VM (11.0.2+9, mixed mode, tiered, compressed oops, g1 gc, windows-amd64)
# No core dump will be written. Minidumps are not enabled by default on client versions of Windows
#

---------------  S U M M A R Y ------------

Command Line: -Dfile.encoding=MS949 Parkinglot.Login

Host: Intel(R) Core(TM) i5-8250U CPU @ 1.60GHz, 8 cores, 7G,  Windows 10 , 64 bit Build 17134 (10.0.17134.753)
Time: Mon Jun  3 19:06:43 2019 ¢¥eCN©öI¡¾©ö C¡ÍA¨ª¨öA elapsed time: 928 seconds (0d 0h 15m 28s)

---------------  T H R E A D  ---------------

Current thread (0x0000021c4771a000):  VMThread "VM Thread" [stack: 0x000000ff12600000,0x000000ff12700000] [id=17844]

Stack: [0x000000ff12600000,0x000000ff12700000]
[error occurred during error reporting (printing stack bounds), id 0xc0000005, EXCEPTION_ACCESS_VIOLATION (0xc0000005) at pc=0x0000021c30f30bad]

Native frames: (J=compiled Java code, j=interpreted, Vv=VM code, C=native code)
V  [jvm.dll+0x63489a]
V  [jvm.dll+0x771f9f]
V  [jvm.dll+0x773648]
V  [jvm.dll+0x773c65]
V  [jvm.dll+0x773c1b]
V  [jvm.dll+0x633fa6]
V  [jvm.dll+0x634368]
C  [ntdll.dll+0x9f7dd]
C  [ntdll.dll+0xd856]
C  [ntdll.dll+0x9e70e]
C  0x0000021c30f30bad

VM_Operation (0x000000ff134fe1b0): RevokeBias, mode: safepoint, requested by thread 0x0000021c488b1800


---------------  P R O C E S S  ---------------

Threads class SMR info:
_java_thread_list=0x0000021c4aba3960, length=15, elements={
0x0000021c47752800, 0x0000021c4775b000, 0x0000021c4774d800, 0x0000021c4774e800,
0x0000021c48046800, 0x0000021c4804f800, 0x0000021c48058800, 0x0000021c481ec800,
0x0000021c481f2000, 0x0000021c4875f800, 0x0000021c488b1000, 0x0000021c488b1800,
0x0000021c488b2800, 0x0000021c488af800, 0x0000021c488b3800
}

Java Threads: ( => current thread )
  0x0000021c47752800 JavaThread "Reference Handler" daemon [_thread_blocked, id=17284, stack(0x000000ff12700000,0x000000ff12800000)]
  0x0000021c4775b000 JavaThread "Finalizer" daemon [_thread_blocked, id=32060, stack(0x000000ff12800000,0x000000ff12900000)]
  0x0000021c4774d800 JavaThread "Signal Dispatcher" daemon [_thread_blocked, id=22616, stack(0x000000ff12900000,0x000000ff12a00000)]
  0x0000021c4774e800 JavaThread "Attach Listener" daemon [_thread_blocked, id=6772, stack(0x000000ff12a00000,0x000000ff12b00000)]
  0x0000021c48046800 JavaThread "C2 CompilerThread0" daemon [_thread_blocked, id=14748, stack(0x000000ff12b00000,0x000000ff12c00000)]
  0x0000021c4804f800 JavaThread "C1 CompilerThread0" daemon [_thread_blocked, id=24080, stack(0x000000ff12c00000,0x000000ff12d00000)]
  0x0000021c48058800 JavaThread "Sweeper thread" daemon [_thread_blocked, id=12736, stack(0x000000ff12d00000,0x000000ff12e00000)]
  0x0000021c481ec800 JavaThread "Service Thread" daemon [_thread_blocked, id=23596, stack(0x000000ff12e00000,0x000000ff12f00000)]
  0x0000021c481f2000 JavaThread "Common-Cleaner" daemon [_thread_blocked, id=5624, stack(0x000000ff13000000,0x000000ff13100000)]
  0x0000021c4875f800 JavaThread "Java2D Disposer" daemon [_thread_blocked, id=32404, stack(0x000000ff13200000,0x000000ff13300000)]
  0x0000021c488b1000 JavaThread "AWT-Shutdown" [_thread_blocked, id=15080, stack(0x000000ff13300000,0x000000ff13400000)]
  0x0000021c488b1800 JavaThread "AWT-Windows" daemon [_thread_blocked, id=30180, stack(0x000000ff13400000,0x000000ff13500000)]
  0x0000021c488b2800 JavaThread "AWT-EventQueue-0" [_thread_in_native, id=20320, stack(0x000000ff13700000,0x000000ff13800000)]
  0x0000021c488af800 JavaThread "DestroyJavaVM" [_thread_blocked, id=3044, stack(0x000000ff12000000,0x000000ff12100000)]
  0x0000021c488b3800 JavaThread "TimerQueue" daemon [_thread_blocked, id=5732, stack(0x000000ff13b00000,0x000000ff13c00000)]

Other Threads:
=>0x0000021c4771a000 VMThread "VM Thread" [stack: 0x000000ff12600000,0x000000ff12700000] [id=17844]
  0x0000021c481ed800 WatcherThread [stack: 0x000000ff12f00000,0x000000ff13000000] [id=16444]
  0x0000021c28c28800 GCTaskThread "GC Thread#0" [stack: 0x000000ff12100000,0x000000ff12200000] [id=23088]
  0x0000021c4aaad000 GCTaskThread "GC Thread#1" [stack: 0x000000ff13d00000,0x000000ff13e00000] [id=28136]
  0x0000021c4aaac800 GCTaskThread "GC Thread#2" [stack: 0x000000ff13e00000,0x000000ff13f00000] [id=16508]
  0x0000021c4aaab800 GCTaskThread "GC Thread#3" [stack: 0x000000ff13f00000,0x000000ff14000000] [id=5648]
  0x0000021c4aaab000 GCTaskThread "GC Thread#4" [stack: 0x000000ff14000000,0x000000ff14100000] [id=4916]
  0x0000021c4aaaa000 GCTaskThread "GC Thread#5" [stack: 0x000000ff14100000,0x000000ff14200000] [id=6172]
  0x0000021c28c57800 ConcurrentGCThread "G1 Main Marker" [stack: 0x000000ff12200000,0x000000ff12300000] [id=22104]
  0x0000021c28c5b000 ConcurrentGCThread "G1 Conc#0" [stack: 0x000000ff12300000,0x000000ff12400000] [id=18392]
  0x0000021c4aaa9000 ConcurrentGCThread "G1 Conc#1" [stack: 0x000000ff14200000,0x000000ff14300000] [id=16516]
  0x0000021c47583800 ConcurrentGCThread "G1 Refine#0" [stack: 0x000000ff12400000,0x000000ff12500000] [id=26824]
  0x0000021c47586000 ConcurrentGCThread "G1 Young RemSet Sampling" [stack: 0x000000ff12500000,0x000000ff12600000] [id=14128]

Threads with active compile tasks:
C2 CompilerThread03053       4       com.sun.java.swing.SwingUtilities3::getDelegateRepaintManager (73 bytes)
C1 CompilerThread03051  s    3       java.awt.ImageMediaEntry::getStatus (80 bytes)

VM state:at safepoint (normal execution)

VM Mutex/Monitor currently owned by a thread:  ([mutex/lock_event])
[0x0000021c28c0fa60] Threads_lock - owner thread: 0x0000021c4771a000

Heap address: 0x0000000082800000, size: 2008 MB, Compressed Oops mode: 32-bit
Narrow klass base: 0x0000000000000000, Narrow klass shift: 3
Compressed class space size: 1073741824 Address: 0x0000000100000000

Heap:
 garbage-first heap   total 129024K, used 37391K [0x0000000082800000, 0x0000000100000000)
  region size 1024K, 28 young (28672K), 2 survivors (2048K)
 Metaspace       used 26272K, capacity 26836K, committed 26880K, reserved 1073152K
  class space    used 2830K, capacity 3069K, committed 3072K, reserved 1048576K
Heap Regions: E=young(eden), S=young(survivor), O=old, HS=humongous(starts), HC=humongous(continues), CS=collection set, F=free, A=archive, TAMS=top-at-mark-start (previous, next)
|   0|0x0000000082800000, 0x0000000082900000, 0x0000000082900000|100%|HS|  |TAMS 0x0000000082900000, 0x0000000082800000| Complete 
|   1|0x0000000082900000, 0x0000000082a00000, 0x0000000082a00000|100%| O|  |TAMS 0x0000000082900000, 0x0000000082900000| Untracked 
|   2|0x0000000082a00000, 0x0000000082b00000, 0x0000000082b00000|100%| O|  |TAMS 0x0000000082a00000, 0x0000000082a00000| Untracked 
|   3|0x0000000082b00000, 0x0000000082bffff8, 0x0000000082c00000| 99%| O|  |TAMS 0x0000000082bffff8, 0x0000000082b00000| Untracked 
|   4|0x0000000082c00000, 0x0000000082d00000, 0x0000000082d00000|100%| O|  |TAMS 0x0000000082c3c200, 0x0000000082c00000| Untracked 
|   5|0x0000000082d00000, 0x0000000082d83e00, 0x0000000082e00000| 51%| O|  |TAMS 0x0000000082d00000, 0x0000000082d00000| Untracked 
|   6|0x0000000082e00000, 0x0000000082f00000, 0x0000000082f00000|100%|HS|  |TAMS 0x0000000082e00000, 0x0000000082e00000| Complete 
|   7|0x0000000082f00000, 0x0000000083000000, 0x0000000083000000|100%|HC|  |TAMS 0x0000000082f00000, 0x0000000082f00000| Complete 
|   8|0x0000000083000000, 0x0000000083100000, 0x0000000083100000|100%|HC|  |TAMS 0x0000000083000000, 0x0000000083000000| Complete 
|   9|0x0000000083100000, 0x0000000083200000, 0x0000000083200000|100%|HS|  |TAMS 0x0000000083100000, 0x0000000083100000| Complete 
|  10|0x0000000083200000, 0x0000000083200000, 0x0000000083300000|  0%| F|  |TAMS 0x0000000083200000, 0x0000000083200000| Untracked 
|  11|0x0000000083300000, 0x0000000083300000, 0x0000000083400000|  0%| F|  |TAMS 0x0000000083300000, 0x0000000083300000| Untracked 
|  12|0x0000000083400000, 0x0000000083400000, 0x0000000083500000|  0%| F|  |TAMS 0x0000000083400000, 0x0000000083400000| Untracked 
|  13|0x0000000083500000, 0x0000000083500000, 0x0000000083600000|  0%| F|  |TAMS 0x0000000083500000, 0x0000000083500000| Untracked 
|  14|0x0000000083600000, 0x0000000083600000, 0x0000000083700000|  0%| F|  |TAMS 0x0000000083600000, 0x0000000083600000| Untracked 
|  15|0x0000000083700000, 0x0000000083700000, 0x0000000083800000|  0%| F|  |TAMS 0x0000000083700000, 0x0000000083700000| Untracked 
|  16|0x0000000083800000, 0x0000000083800000, 0x0000000083900000|  0%| F|  |TAMS 0x0000000083800000, 0x0000000083800000| Untracked 
|  17|0x0000000083900000, 0x0000000083900000, 0x0000000083a00000|  0%| F|  |TAMS 0x0000000083900000, 0x0000000083900000| Untracked 
|  18|0x0000000083a00000, 0x0000000083a00000, 0x0000000083b00000|  0%| F|  |TAMS 0x0000000083a00000, 0x0000000083a00000| Untracked 
|  19|0x0000000083b00000, 0x0000000083b00000, 0x0000000083c00000|  0%| F|  |TAMS 0x0000000083b00000, 0x0000000083b00000| Untracked 
|  20|0x0000000083c00000, 0x0000000083c00000, 0x0000000083d00000|  0%| F|  |TAMS 0x0000000083c00000, 0x0000000083c00000| Untracked 
|  21|0x0000000083d00000, 0x0000000083d00000, 0x0000000083e00000|  0%| F|  |TAMS 0x0000000083d00000, 0x0000000083d00000| Untracked 
|  22|0x0000000083e00000, 0x0000000083e00000, 0x0000000083f00000|  0%| F|  |TAMS 0x0000000083e00000, 0x0000000083e00000| Untracked 
|  23|0x0000000083f00000, 0x0000000083f00000, 0x0000000084000000|  0%| F|  |TAMS 0x0000000083f00000, 0x0000000083f00000| Untracked 
|  24|0x0000000084000000, 0x0000000084000000, 0x0000000084100000|  0%| F|  |TAMS 0x0000000084000000, 0x0000000084000000| Untracked 
|  25|0x0000000084100000, 0x0000000084100000, 0x0000000084200000|  0%| F|  |TAMS 0x0000000084100000, 0x0000000084100000| Untracked 
|  26|0x0000000084200000, 0x0000000084200000, 0x0000000084300000|  0%| F|  |TAMS 0x0000000084200000, 0x0000000084200000| Untracked 
|  27|0x0000000084300000, 0x0000000084300000, 0x0000000084400000|  0%| F|  |TAMS 0x0000000084300000, 0x0000000084300000| Untracked 
|  28|0x0000000084400000, 0x0000000084400000, 0x0000000084500000|  0%| F|  |TAMS 0x0000000084400000, 0x0000000084400000| Untracked 
|  29|0x0000000084500000, 0x0000000084500000, 0x0000000084600000|  0%| F|  |TAMS 0x0000000084500000, 0x0000000084500000| Untracked 
|  30|0x0000000084600000, 0x0000000084600000, 0x0000000084700000|  0%| F|  |TAMS 0x0000000084600000, 0x0000000084600000| Untracked 
|  31|0x0000000084700000, 0x0000000084700000, 0x0000000084800000|  0%| F|  |TAMS 0x0000000084700000, 0x0000000084700000| Untracked 
|  32|0x0000000084800000, 0x0000000084800000, 0x0000000084900000|  0%| F|  |TAMS 0x0000000084800000, 0x0000000084800000| Untracked 
|  33|0x0000000084900000, 0x0000000084900000, 0x0000000084a00000|  0%| F|  |TAMS 0x0000000084900000, 0x0000000084900000| Untracked 
|  34|0x0000000084a00000, 0x0000000084a00000, 0x0000000084b00000|  0%| F|  |TAMS 0x0000000084a00000, 0x0000000084a00000| Untracked 
|  35|0x0000000084b00000, 0x0000000084b00000, 0x0000000084c00000|  0%| F|  |TAMS 0x0000000084b00000, 0x0000000084b00000| Untracked 
|  36|0x0000000084c00000, 0x0000000084c00000, 0x0000000084d00000|  0%| F|  |TAMS 0x0000000084c00000, 0x0000000084c00000| Untracked 
|  37|0x0000000084d00000, 0x0000000084d00000, 0x0000000084e00000|  0%| F|  |TAMS 0x0000000084d00000, 0x0000000084d00000| Untracked 
|  38|0x0000000084e00000, 0x0000000084e00000, 0x0000000084f00000|  0%| F|  |TAMS 0x0000000084e00000, 0x0000000084e00000| Untracked 
|  39|0x0000000084f00000, 0x0000000084f00000, 0x0000000085000000|  0%| F|  |TAMS 0x0000000084f00000, 0x0000000084f00000| Untracked 
|  40|0x0000000085000000, 0x0000000085000000, 0x0000000085100000|  0%| F|  |TAMS 0x0000000085000000, 0x0000000085000000| Untracked 
|  41|0x0000000085100000, 0x0000000085100000, 0x0000000085200000|  0%| F|  |TAMS 0x0000000085100000, 0x0000000085100000| Untracked 
|  42|0x0000000085200000, 0x0000000085200000, 0x0000000085300000|  0%| F|  |TAMS 0x0000000085200000, 0x0000000085200000| Untracked 
|  43|0x0000000085300000, 0x0000000085300000, 0x0000000085400000|  0%| F|  |TAMS 0x0000000085300000, 0x0000000085300000| Untracked 
|  44|0x0000000085400000, 0x0000000085400000, 0x0000000085500000|  0%| F|  |TAMS 0x0000000085400000, 0x0000000085400000| Untracked 
|  45|0x0000000085500000, 0x0000000085500000, 0x0000000085600000|  0%| F|  |TAMS 0x0000000085500000, 0x0000000085500000| Untracked 
|  46|0x0000000085600000, 0x0000000085600000, 0x0000000085700000|  0%| F|  |TAMS 0x0000000085600000, 0x0000000085600000| Untracked 
|  47|0x0000000085700000, 0x0000000085700000, 0x0000000085800000|  0%| F|  |TAMS 0x0000000085700000, 0x0000000085700000| Untracked 
|  48|0x0000000085800000, 0x0000000085800000, 0x0000000085900000|  0%| F|  |TAMS 0x0000000085800000, 0x0000000085800000| Untracked 
|  49|0x0000000085900000, 0x0000000085900000, 0x0000000085a00000|  0%| F|  |TAMS 0x0000000085900000, 0x0000000085900000| Untracked 
|  50|0x0000000085a00000, 0x0000000085a00000, 0x0000000085b00000|  0%| F|  |TAMS 0x0000000085a00000, 0x0000000085a00000| Untracked 
|  51|0x0000000085b00000, 0x0000000085b00000, 0x0000000085c00000|  0%| F|  |TAMS 0x0000000085b00000, 0x0000000085b00000| Untracked 
|  52|0x0000000085c00000, 0x0000000085c00000, 0x0000000085d00000|  0%| F|  |TAMS 0x0000000085c00000, 0x0000000085c00000| Untracked 
|  53|0x0000000085d00000, 0x0000000085d00000, 0x0000000085e00000|  0%| F|  |TAMS 0x0000000085d00000, 0x0000000085d00000| Untracked 
|  54|0x0000000085e00000, 0x0000000085e00000, 0x0000000085f00000|  0%| F|  |TAMS 0x0000000085e00000, 0x0000000085e00000| Untracked 
|  55|0x0000000085f00000, 0x0000000085f00000, 0x0000000086000000|  0%| F|  |TAMS 0x0000000085f00000, 0x0000000085f00000| Untracked 
|  56|0x0000000086000000, 0x0000000086000000, 0x0000000086100000|  0%| F|  |TAMS 0x0000000086000000, 0x0000000086000000| Untracked 
|  57|0x0000000086100000, 0x0000000086100000, 0x0000000086200000|  0%| F|  |TAMS 0x0000000086100000, 0x0000000086100000| Untracked 
|  58|0x0000000086200000, 0x0000000086200000, 0x0000000086300000|  0%| F|  |TAMS 0x0000000086200000, 0x0000000086200000| Untracked 
|  59|0x0000000086300000, 0x0000000086300000, 0x0000000086400000|  0%| F|  |TAMS 0x0000000086300000, 0x0000000086300000| Untracked 
|  60|0x0000000086400000, 0x0000000086400000, 0x0000000086500000|  0%| F|  |TAMS 0x0000000086400000, 0x0000000086400000| Untracked 
|  61|0x0000000086500000, 0x0000000086500000, 0x0000000086600000|  0%| F|  |TAMS 0x0000000086500000, 0x0000000086500000| Untracked 
|  62|0x0000000086600000, 0x0000000086600000, 0x0000000086700000|  0%| F|  |TAMS 0x0000000086600000, 0x0000000086600000| Untracked 
|  63|0x0000000086700000, 0x0000000086700000, 0x0000000086800000|  0%| F|  |TAMS 0x0000000086700000, 0x0000000086700000| Untracked 
|  64|0x0000000086800000, 0x0000000086800000, 0x0000000086900000|  0%| F|  |TAMS 0x0000000086800000, 0x0000000086800000| Untracked 
|  65|0x0000000086900000, 0x0000000086900000, 0x0000000086a00000|  0%| F|  |TAMS 0x0000000086900000, 0x0000000086900000| Untracked 
|  66|0x0000000086a00000, 0x0000000086a00000, 0x0000000086b00000|  0%| F|  |TAMS 0x0000000086a00000, 0x0000000086a00000| Untracked 
|  67|0x0000000086b00000, 0x0000000086b00000, 0x0000000086c00000|  0%| F|  |TAMS 0x0000000086b00000, 0x0000000086b00000| Untracked 
|  68|0x0000000086c00000, 0x0000000086c00000, 0x0000000086d00000|  0%| F|  |TAMS 0x0000000086c00000, 0x0000000086c00000| Untracked 
|  69|0x0000000086d00000, 0x0000000086d00000, 0x0000000086e00000|  0%| F|  |TAMS 0x0000000086d00000, 0x0000000086d00000| Untracked 
|  70|0x0000000086e00000, 0x0000000086e00000, 0x0000000086f00000|  0%| F|  |TAMS 0x0000000086e00000, 0x0000000086e00000| Untracked 
|  71|0x0000000086f00000, 0x0000000086f00000, 0x0000000087000000|  0%| F|  |TAMS 0x0000000086f00000, 0x0000000086f00000| Untracked 
|  72|0x0000000087000000, 0x0000000087000000, 0x0000000087100000|  0%| F|  |TAMS 0x0000000087000000, 0x0000000087000000| Untracked 
|  73|0x0000000087100000, 0x0000000087100000, 0x0000000087200000|  0%| F|  |TAMS 0x0000000087100000, 0x0000000087100000| Untracked 
|  74|0x0000000087200000, 0x0000000087200000, 0x0000000087300000|  0%| F|  |TAMS 0x0000000087200000, 0x0000000087200000| Untracked 
|  75|0x0000000087300000, 0x0000000087300000, 0x0000000087400000|  0%| F|  |TAMS 0x0000000087300000, 0x0000000087300000| Untracked 
|  76|0x0000000087400000, 0x0000000087400000, 0x0000000087500000|  0%| F|  |TAMS 0x0000000087400000, 0x0000000087400000| Untracked 
|  77|0x0000000087500000, 0x0000000087500000, 0x0000000087600000|  0%| F|  |TAMS 0x0000000087500000, 0x0000000087500000| Untracked 
|  78|0x0000000087600000, 0x0000000087600000, 0x0000000087700000|  0%| F|  |TAMS 0x0000000087600000, 0x0000000087600000| Untracked 
|  79|0x0000000087700000, 0x0000000087700000, 0x0000000087800000|  0%| F|  |TAMS 0x0000000087700000, 0x0000000087700000| Untracked 
|  80|0x0000000087800000, 0x0000000087800000, 0x0000000087900000|  0%| F|  |TAMS 0x0000000087800000, 0x0000000087800000| Untracked 
|  81|0x0000000087900000, 0x0000000087900000, 0x0000000087a00000|  0%| F|  |TAMS 0x0000000087900000, 0x0000000087900000| Untracked 
|  82|0x0000000087a00000, 0x0000000087a00000, 0x0000000087b00000|  0%| F|  |TAMS 0x0000000087a00000, 0x0000000087a00000| Untracked 
|  83|0x0000000087b00000, 0x0000000087b00000, 0x0000000087c00000|  0%| F|  |TAMS 0x0000000087b00000, 0x0000000087b00000| Untracked 
|  84|0x0000000087c00000, 0x0000000087c00000, 0x0000000087d00000|  0%| F|  |TAMS 0x0000000087c00000, 0x0000000087c00000| Untracked 
|  85|0x0000000087d00000, 0x0000000087d00000, 0x0000000087e00000|  0%| F|  |TAMS 0x0000000087d00000, 0x0000000087d00000| Untracked 
|  86|0x0000000087e00000, 0x0000000087e00000, 0x0000000087f00000|  0%| F|  |TAMS 0x0000000087e00000, 0x0000000087e00000| Untracked 
|  87|0x0000000087f00000, 0x0000000087f00000, 0x0000000088000000|  0%| F|  |TAMS 0x0000000087f00000, 0x0000000087f00000| Untracked 
|  88|0x0000000088000000, 0x0000000088000000, 0x0000000088100000|  0%| F|  |TAMS 0x0000000088000000, 0x0000000088000000| Untracked 
|  89|0x0000000088100000, 0x0000000088100000, 0x0000000088200000|  0%| F|  |TAMS 0x0000000088100000, 0x0000000088100000| Untracked 
|  90|0x0000000088200000, 0x0000000088200000, 0x0000000088300000|  0%| F|  |TAMS 0x0000000088200000, 0x0000000088200000| Untracked 
|  91|0x0000000088300000, 0x0000000088300000, 0x0000000088400000|  0%| F|  |TAMS 0x0000000088300000, 0x0000000088300000| Untracked 
|  92|0x0000000088400000, 0x0000000088400000, 0x0000000088500000|  0%| F|  |TAMS 0x0000000088400000, 0x0000000088400000| Untracked 
|  93|0x0000000088500000, 0x0000000088500000, 0x0000000088600000|  0%| F|  |TAMS 0x0000000088500000, 0x0000000088500000| Untracked 
|  94|0x0000000088600000, 0x0000000088600000, 0x0000000088700000|  0%| F|  |TAMS 0x0000000088600000, 0x0000000088600000| Untracked 
|  95|0x0000000088700000, 0x0000000088700000, 0x0000000088800000|  0%| F|  |TAMS 0x0000000088700000, 0x0000000088700000| Untracked 
|  96|0x0000000088800000, 0x0000000088800000, 0x0000000088900000|  0%| F|  |TAMS 0x0000000088800000, 0x0000000088800000| Untracked 
|  97|0x0000000088900000, 0x0000000088900000, 0x0000000088a00000|  0%| F|  |TAMS 0x0000000088900000, 0x0000000088900000| Untracked 
|  98|0x0000000088a00000, 0x0000000088a43fb0, 0x0000000088b00000| 26%| E|  |TAMS 0x0000000088a00000, 0x0000000088a00000| Complete 
|  99|0x0000000088b00000, 0x0000000088c00000, 0x0000000088c00000|100%| E|CS|TAMS 0x0000000088b00000, 0x0000000088b00000| Complete 
| 100|0x0000000088c00000, 0x0000000088d00000, 0x0000000088d00000|100%| E|CS|TAMS 0x0000000088c00000, 0x0000000088c00000| Complete 
| 101|0x0000000088d00000, 0x0000000088e00000, 0x0000000088e00000|100%| E|CS|TAMS 0x0000000088d00000, 0x0000000088d00000| Complete 
| 102|0x0000000088e00000, 0x0000000088f00000, 0x0000000088f00000|100%| E|CS|TAMS 0x0000000088e00000, 0x0000000088e00000| Complete 
| 103|0x0000000088f00000, 0x0000000089000000, 0x0000000089000000|100%| E|CS|TAMS 0x0000000088f00000, 0x0000000088f00000| Complete 
| 104|0x0000000089000000, 0x0000000089100000, 0x0000000089100000|100%| E|CS|TAMS 0x0000000089000000, 0x0000000089000000| Complete 
| 105|0x0000000089100000, 0x0000000089200000, 0x0000000089200000|100%| E|CS|TAMS 0x0000000089100000, 0x0000000089100000| Complete 
| 106|0x0000000089200000, 0x0000000089300000, 0x0000000089300000|100%| E|CS|TAMS 0x0000000089200000, 0x0000000089200000| Complete 
| 107|0x0000000089300000, 0x0000000089400000, 0x0000000089400000|100%| E|CS|TAMS 0x0000000089300000, 0x0000000089300000| Complete 
| 108|0x0000000089400000, 0x0000000089500000, 0x0000000089500000|100%| E|CS|TAMS 0x0000000089400000, 0x0000000089400000| Complete 
| 109|0x0000000089500000, 0x0000000089600000, 0x0000000089600000|100%| E|CS|TAMS 0x0000000089500000, 0x0000000089500000| Complete 
| 110|0x0000000089600000, 0x0000000089700000, 0x0000000089700000|100%| E|CS|TAMS 0x0000000089600000, 0x0000000089600000| Complete 
| 111|0x0000000089700000, 0x0000000089800000, 0x0000000089800000|100%| E|CS|TAMS 0x0000000089700000, 0x0000000089700000| Complete 
| 112|0x0000000089800000, 0x0000000089900000, 0x0000000089900000|100%| E|CS|TAMS 0x0000000089800000, 0x0000000089800000| Complete 
| 113|0x0000000089900000, 0x0000000089a00000, 0x0000000089a00000|100%| S|CS|TAMS 0x0000000089900000, 0x0000000089900000| Complete 
| 114|0x0000000089a00000, 0x0000000089b00000, 0x0000000089b00000|100%| S|CS|TAMS 0x0000000089a00000, 0x0000000089a00000| Complete 
| 115|0x0000000089b00000, 0x0000000089c00000, 0x0000000089c00000|100%| E|CS|TAMS 0x0000000089b00000, 0x0000000089b00000| Complete 
| 116|0x0000000089c00000, 0x0000000089d00000, 0x0000000089d00000|100%| E|CS|TAMS 0x0000000089c00000, 0x0000000089c00000| Complete 
| 117|0x0000000089d00000, 0x0000000089e00000, 0x0000000089e00000|100%| E|CS|TAMS 0x0000000089d00000, 0x0000000089d00000| Complete 
| 118|0x0000000089e00000, 0x0000000089f00000, 0x0000000089f00000|100%| E|CS|TAMS 0x0000000089e00000, 0x0000000089e00000| Complete 
| 119|0x0000000089f00000, 0x000000008a000000, 0x000000008a000000|100%| E|CS|TAMS 0x0000000089f00000, 0x0000000089f00000| Complete 
| 120|0x000000008a000000, 0x000000008a100000, 0x000000008a100000|100%| E|CS|TAMS 0x000000008a000000, 0x000000008a000000| Complete 
| 121|0x000000008a100000, 0x000000008a200000, 0x000000008a200000|100%| E|CS|TAMS 0x000000008a100000, 0x000000008a100000| Complete 
| 122|0x000000008a200000, 0x000000008a300000, 0x000000008a300000|100%| E|CS|TAMS 0x000000008a200000, 0x000000008a200000| Complete 
| 123|0x000000008a300000, 0x000000008a400000, 0x000000008a400000|100%| E|CS|TAMS 0x000000008a300000, 0x000000008a300000| Complete 
| 124|0x000000008a400000, 0x000000008a500000, 0x000000008a500000|100%| E|CS|TAMS 0x000000008a400000, 0x000000008a400000| Complete 
| 125|0x000000008a500000, 0x000000008a600000, 0x000000008a600000|100%| E|CS|TAMS 0x000000008a500000, 0x000000008a500000| Complete 

Card table byte_map: [0x0000021c40650000,0x0000021c40a40000] _byte_map_base: 0x0000021c4023c000

Marking Bits (Prev, Next): (CMBitMap*) 0x0000021c28c4eb90, (CMBitMap*) 0x0000021c28c4eb58
 Prev Bits: [0x0000021c42d90000, 0x0000021c44cf0000)
 Next Bits: [0x0000021c40e30000, 0x0000021c42d90000)

Polling page: 0x0000021c283c0000

Metaspace:

Usage:
  Non-class:     23.21 MB capacity,    22.89 MB ( 99%) used,   263.83 KB (  1%) free+waste,    61.38 KB ( <1%) overhead. 
      Class:      3.00 MB capacity,     2.76 MB ( 92%) used,   208.23 KB (  7%) free+waste,    30.00 KB ( <1%) overhead. 
       Both:     26.21 MB capacity,    25.66 MB ( 98%) used,   472.06 KB (  2%) free+waste,    91.38 KB ( <1%) overhead. 

Virtual space:
  Non-class space:       24.00 MB reserved,      23.25 MB ( 97%) committed 
      Class space:        1.00 GB reserved,       3.00 MB ( <1%) committed 
             Both:        1.02 GB reserved,      26.25 MB (  3%) committed 

Chunk freelists:
   Non-Class:  5.13 KB
       Class:  384 bytes
        Both:  5.50 KB

CodeHeap 'non-profiled nmethods': size=120000Kb used=1334Kb max_used=1334Kb free=118665Kb
 bounds [0x0000021c38a00000, 0x0000021c38c70000, 0x0000021c3ff30000]
CodeHeap 'profiled nmethods': size=120000Kb used=6380Kb max_used=6380Kb free=113619Kb
 bounds [0x0000021c314d0000, 0x0000021c31b10000, 0x0000021c38a00000]
CodeHeap 'non-nmethods': size=5760Kb used=1276Kb max_used=1313Kb free=4483Kb
 bounds [0x0000021c30f30000, 0x0000021c311a0000, 0x0000021c314d0000]
 total_blobs=4383 nmethods=2996 adapters=584
 compilation: enabled
              stopped_count=0, restarted_count=0
 full_count=0

Compilation events (10 events):
Event: 926.496 Thread 0x0000021c48046800 3047   !   4       sun.awt.image.SurfaceManager::getManager (47 bytes)
Event: 926.500 Thread 0x0000021c48046800 nmethod 3047 0x0000021c38b4d290 code [0x0000021c38b4d460, 0x0000021c38b4d738]
Event: 927.017 Thread 0x0000021c4804f800 3048   !   3       java.awt.Container::getMouseEventTargetImpl (255 bytes)
Event: 927.018 Thread 0x0000021c4804f800 nmethod 3048 0x0000021c31b09890 code [0x0000021c31b09b60, 0x0000021c31b0af30]
Event: 928.307 Thread 0x0000021c4804f800 3049  s    3       javax.swing.ImageIcon::paintIcon (40 bytes)
Event: 928.308 Thread 0x0000021c4804f800 nmethod 3049 0x0000021c31b0b590 code [0x0000021c31b0b760, 0x0000021c31b0bc20]
Event: 928.395 Thread 0x0000021c4804f800 3050  s    3       java.awt.MediaTracker::statusID (48 bytes)
Event: 928.395 Thread 0x0000021c4804f800 nmethod 3050 0x0000021c31b0bd10 code [0x0000021c31b0bee0, 0x0000021c31b0c430]
Event: 928.395 Thread 0x0000021c4804f800 3051  s    3       java.awt.ImageMediaEntry::getStatus (80 bytes)
Event: 928.395 Thread 0x0000021c48046800 3053       4       com.sun.java.swing.SwingUtilities3::getDelegateRepaintManager (73 bytes)

GC Heap History (4 events):
Event: 3.684 GC heap before
{Heap before GC invocations=0 (full 0):
 garbage-first heap   total 129024K, used 22528K [0x0000000082800000, 0x0000000100000000)
  region size 1024K, 21 young (21504K), 0 survivors (0K)
 Metaspace       used 20661K, capacity 21164K, committed 21248K, reserved 1069056K
  class space    used 2237K, capacity 2480K, committed 2560K, reserved 1048576K
}
Event: 3.691 GC heap after
{Heap after GC invocations=1 (full 0):
 garbage-first heap   total 129024K, used 5360K [0x0000000082800000, 0x0000000100000000)
  region size 1024K, 3 young (3072K), 3 survivors (3072K)
 Metaspace       used 20661K, capacity 21164K, committed 21248K, reserved 1069056K
  class space    used 2237K, capacity 2480K, committed 2560K, reserved 1048576K
}
Event: 4.201 GC heap before
{Heap before GC invocations=2 (full 0):
 garbage-first heap   total 129024K, used 16624K [0x0000000082800000, 0x0000000100000000)
  region size 1024K, 14 young (14336K), 3 survivors (3072K)
 Metaspace       used 23896K, capacity 24410K, committed 24704K, reserved 1071104K
  class space    used 2674K, capacity 2901K, committed 2944K, reserved 1048576K
}
Event: 4.205 GC heap after
{Heap after GC invocations=3 (full 0):
 garbage-first heap   total 129024K, used 7695K [0x0000000082800000, 0x0000000100000000)
  region size 1024K, 2 young (2048K), 2 survivors (2048K)
 Metaspace       used 23896K, capacity 24410K, committed 24704K, reserved 1071104K
  class space    used 2674K, capacity 2901K, committed 2944K, reserved 1048576K
}

Deoptimization events (10 events):
Event: 308.090 Thread 0x0000021c488b2800 Uncommon trap: reason=intrinsic_or_type_checked_inlining action=make_not_entrant pc=0x0000021c38ac89f8 method=java.util.Arrays.copyOf([Ljava/lang/Object;ILjava/lang/Class;)[Ljava/lang/Object; @ 35 c2
Event: 312.945 Thread 0x0000021c488b4000 Uncommon trap: reason=class_check action=maybe_recompile pc=0x0000021c38a9a7f8 method=sun.awt.image.ImageDecoder.setPixels(IIIILjava/awt/image/ColorModel;[III)I @ 44 c2
Event: 321.892 Thread 0x0000021c488b4000 Uncommon trap: reason=class_check action=maybe_recompile pc=0x0000021c38a9a7f8 method=sun.awt.image.ImageDecoder.setPixels(IIIILjava/awt/image/ColorModel;[III)I @ 44 c2
Event: 322.295 Thread 0x0000021c488b2800 Uncommon trap: reason=unstable_if action=reinterpret pc=0x0000021c38ac996c method=java.awt.Container.findComponentAtImpl(IIZ)Ljava/awt/Component; @ 24 c2
Event: 329.066 Thread 0x0000021c488b4000 Uncommon trap: reason=class_check action=maybe_recompile pc=0x0000021c38a9a7f8 method=sun.awt.image.ImageDecoder.setPixels(IIIILjava/awt/image/ColorModel;[III)I @ 44 c2
Event: 330.022 Thread 0x0000021c488b2800 Uncommon trap: reason=speculate_class_check action=maybe_recompile pc=0x0000021c38b2202c method=sun.awt.GlobalCursorManager._updateCursor(Z)V @ 104 c2
Event: 330.023 Thread 0x0000021c488b2800 Uncommon trap: reason=speculate_class_check action=maybe_recompile pc=0x0000021c38b2202c method=sun.awt.GlobalCursorManager._updateCursor(Z)V @ 104 c2
Event: 330.027 Thread 0x0000021c488b2800 Uncommon trap: reason=speculate_class_check action=maybe_recompile pc=0x0000021c38b2202c method=sun.awt.GlobalCursorManager._updateCursor(Z)V @ 104 c2
Event: 330.030 Thread 0x0000021c488b2800 Uncommon trap: reason=speculate_class_check action=maybe_recompile pc=0x0000021c38b2202c method=sun.awt.GlobalCursorManager._updateCursor(Z)V @ 104 c2
Event: 925.953 Thread 0x0000021c488b2800 Uncommon trap: reason=unstable_if action=reinterpret pc=0x0000021c38ac2140 method=java.awt.Container.getMouseEventTargetImpl(IIZLjava/awt/Container$EventTargetFilter;ZZ)Ljava/awt/Component; @ 218 c2

Classes redefined (0 events):
No events

Internal exceptions (10 events):
Event: 0.543 Thread 0x0000021c28c11000 Exception <a 'java/lang/NullPointerException'{0x0000000089b685d8}> (0x0000000089b685d8) thrown at [t:/workspace/open/src/hotspot/share/interpreter/linkResolver.cpp, line 1354]
Event: 0.579 Thread 0x0000021c28c11000 Exception <a 'java/lang/NoSuchMethodError'{0x0000000089adb8f0}: java.lang.invoke.DirectMethodHandle$Holder.invokeStatic(Ljava/lang/Object;Ljava/lang/Object;Ljava/lang/Object;Ljava/lang/Object;Ljava/lang/Object;Ljava/lang/Object;Ljava/lang/Object;Ljava/lan
Event: 0.581 Thread 0x0000021c28c11000 Exception <a 'java/lang/NoSuchMethodError'{0x0000000089903a60}: java.lang.invoke.DirectMethodHandle$Holder.invokeStatic(Ljava/lang/Object;Ljava/lang/Object;Ljava/lang/Object;Ljava/lang/Object;Ljava/lang/Object;Ljava/lang/Object;Ljava/lang/Object;Ljava/lan
Event: 0.583 Thread 0x0000021c28c11000 Exception <a 'java/lang/NoSuchMethodError'{0x00000000899229f0}: java.lang.invoke.DirectMethodHandle$Holder.invokeStatic(Ljava/lang/Object;Ljava/lang/Object;Ljava/lang/Object;Ljava/lang/Object;Ljava/lang/Object;Ljava/lang/Object;Ljava/lang/Object;Ljava/lan
Event: 0.585 Thread 0x0000021c28c11000 Exception <a 'java/lang/NoSuchMethodError'{0x000000008992e9a0}: java.lang.invoke.Invokers$Holder.linkToTargetMethod(Ljava/lang/Object;ILjava/lang/Object;)Ljava/lang/Object;> (0x000000008992e9a0) thrown at [t:/workspace/open/src/hotspot/share/interpreter/l
Event: 0.669 Thread 0x0000021c488b2800 Exception <a 'java/lang/NoSuchMethodError'{0x0000000089bc6aa0}: java.lang.invoke.DirectMethodHandle$Holder.invokeStatic(Ljava/lang/Object;Ljava/lang/Object;Ljava/lang/Object;Ljava/lang/Object;Ljava/lang/Object;Ljava/lang/Object;Ljava/lang/Object;Ljava/lan
Event: 3.477 Thread 0x0000021c488b2800 Exception <a 'java/lang/NoSuchMethodError'{0x000000008976ab08}: java.lang.invoke.DirectMethodHandle$Holder.invokeStaticInit(Ljava/lang/Object;Ljava/lang/Object;Ljava/lang/Object;)Ljava/lang/Object;> (0x000000008976ab08) thrown at [t:/workspace/open/src/ho
Event: 3.481 Thread 0x0000021c488b2800 Exception <a 'java/lang/NoSuchMethodError'{0x0000000089787c40}: java.lang.invoke.DirectMethodHandle$Holder.invokeInterface(Ljava/lang/Object;Ljava/lang/Object;)I> (0x0000000089787c40) thrown at [t:/workspace/open/src/hotspot/share/interpreter/linkResolver
Event: 3.481 Thread 0x0000021c488b2800 Exception <a 'java/lang/IncompatibleClassChangeError'{0x000000008978ac60}: Found class java.lang.Object, but interface was expected> (0x000000008978ac60) thrown at [t:/workspace/open/src/hotspot/share/interpreter/linkResolver.cpp, line 838]
Event: 4.050 Thread 0x0000021c488b2800 Exception <a 'java/lang/NoSuchMethodError'{0x000000008a2b9010}: java.lang.invoke.DirectMethodHandle$Holder.invokeSpecialIFC(Ljava/lang/Object;Ljava/lang/Object;I)I> (0x000000008a2b9010) thrown at [t:/workspace/open/src/hotspot/share/interpreter/linkResolv

Events (10 events):
Event: 773.104 Executing VM operation: RevokeBias
Event: 773.105 Executing VM operation: RevokeBias done
Event: 773.105 Executing VM operation: RevokeBias
Event: 773.105 Executing VM operation: RevokeBias done
Event: 773.105 Executing VM operation: RevokeBias
Event: 773.105 Executing VM operation: RevokeBias done
Event: 925.953 Thread 0x0000021c488b2800 Uncommon trap: trap_request=0xffffff4d fr.pc=0x0000021c38ac2140 relative=0x0000000000001040
Event: 925.953 Thread 0x0000021c488b2800 DEOPT PACKING pc=0x0000021c38ac2140 sp=0x000000ff137fbaf0
Event: 925.953 Thread 0x0000021c488b2800 DEOPT UNPACKING pc=0x0000021c30f58f2f sp=0x000000ff137fba88 mode 2
Event: 928.396 Executing VM operation: RevokeBias


Dynamic libraries:
0x00007ff7a5ce0000 - 0x00007ff7a5d25000 	C:\Program Files\java\jdk-11.0.2\bin\javaw.exe
0x00007ff8b7ee0000 - 0x00007ff8b80c1000 	C:\WINDOWS\SYSTEM32\ntdll.dll
0x00007ff8b5740000 - 0x00007ff8b57f1000 	C:\WINDOWS\System32\KERNEL32.DLL
0x00007ff8b4790000 - 0x00007ff8b4a03000 	C:\WINDOWS\System32\KERNELBASE.dll
0x00007ff8b7b30000 - 0x00007ff8b7cc0000 	C:\WINDOWS\System32\USER32.dll
0x00007ff8b4770000 - 0x00007ff8b4790000 	C:\WINDOWS\System32\win32u.dll
0x00007ff8b5640000 - 0x00007ff8b5668000 	C:\WINDOWS\System32\GDI32.dll
0x00007ff8b4ac0000 - 0x00007ff8b4c52000 	C:\WINDOWS\System32\gdi32full.dll
0x00007ff8b45f0000 - 0x00007ff8b468f000 	C:\WINDOWS\System32\msvcp_win.dll
0x00007ff8b44f0000 - 0x00007ff8b45e8000 	C:\WINDOWS\System32\ucrtbase.dll
0x00007ff895430000 - 0x00007ff895699000 	C:\WINDOWS\WinSxS\amd64_microsoft.windows.common-controls_6595b64144ccf1df_6.0.17134.765_none_fb42a1a930655896\COMCTL32.dll
0x00007ff8b5370000 - 0x00007ff8b540e000 	C:\WINDOWS\System32\msvcrt.dll
0x00007ff8b5c10000 - 0x00007ff8b5f32000 	C:\WINDOWS\System32\combase.dll
0x00007ff8b7d70000 - 0x00007ff8b7e94000 	C:\WINDOWS\System32\RPCRT4.dll
0x00007ff8b46f0000 - 0x00007ff8b476a000 	C:\WINDOWS\System32\bcryptPrimitives.dll
0x00007ff8b5be0000 - 0x00007ff8b5c0d000 	C:\WINDOWS\System32\IMM32.DLL
0x00007ff8af9e0000 - 0x00007ff8af9f6000 	C:\Program Files\java\jdk-11.0.2\bin\vcruntime140.dll
0x00007ff88d690000 - 0x00007ff88d73a000 	C:\Program Files\java\jdk-11.0.2\bin\msvcp140.dll
0x00007ff877ec0000 - 0x00007ff8789e3000 	C:\Program Files\java\jdk-11.0.2\bin\server\jvm.dll
0x00007ff8b60c0000 - 0x00007ff8b6161000 	C:\WINDOWS\System32\ADVAPI32.dll
0x00007ff8b7ad0000 - 0x00007ff8b7b2b000 	C:\WINDOWS\System32\sechost.dll
0x00007ff8b5410000 - 0x00007ff8b5418000 	C:\WINDOWS\System32\PSAPI.DLL
0x00007ff8a2ea0000 - 0x00007ff8a2eaa000 	C:\WINDOWS\SYSTEM32\VERSION.dll
0x00007ff8b1ce0000 - 0x00007ff8b1d03000 	C:\WINDOWS\SYSTEM32\WINMM.dll
0x00007ff8a2f80000 - 0x00007ff8a2f89000 	C:\WINDOWS\SYSTEM32\WSOCK32.dll
0x00007ff8b7610000 - 0x00007ff8b767c000 	C:\WINDOWS\System32\WS2_32.dll
0x00007ff8b1c50000 - 0x00007ff8b1c7a000 	C:\WINDOWS\SYSTEM32\WINMMBASE.dll
0x00007ff8b44a0000 - 0x00007ff8b44e9000 	C:\WINDOWS\System32\cfgmgr32.dll
0x00007ff8b4290000 - 0x00007ff8b42a1000 	C:\WINDOWS\System32\kernel.appcore.dll
0x00007ff8af0f0000 - 0x00007ff8af101000 	C:\Program Files\java\jdk-11.0.2\bin\verify.dll
0x00007ff8b2c40000 - 0x00007ff8b2e09000 	C:\WINDOWS\SYSTEM32\DBGHELP.DLL
0x00007ff89c2d0000 - 0x00007ff89c2f9000 	C:\WINDOWS\SYSTEM32\dbgcore.DLL
0x00007ff8a3c30000 - 0x00007ff8a3c58000 	C:\Program Files\java\jdk-11.0.2\bin\java.dll
0x00007ff8adb50000 - 0x00007ff8adb66000 	C:\Program Files\java\jdk-11.0.2\bin\zip.dll
0x00007ff8af720000 - 0x00007ff8af72a000 	C:\Program Files\java\jdk-11.0.2\bin\jimage.dll
0x00007ff8b6170000 - 0x00007ff8b75b0000 	C:\WINDOWS\System32\SHELL32.dll
0x00007ff8b7cc0000 - 0x00007ff8b7d69000 	C:\WINDOWS\System32\shcore.dll
0x00007ff8b4c60000 - 0x00007ff8b536d000 	C:\WINDOWS\System32\windows.storage.dll
0x00007ff8b58d0000 - 0x00007ff8b5921000 	C:\WINDOWS\System32\shlwapi.dll
0x00007ff8b4260000 - 0x00007ff8b427f000 	C:\WINDOWS\System32\profapi.dll
0x00007ff8b4210000 - 0x00007ff8b425c000 	C:\WINDOWS\System32\powrprof.dll
0x00007ff8b4280000 - 0x00007ff8b428a000 	C:\WINDOWS\System32\FLTLIB.DLL
0x00007ff8ad6c0000 - 0x00007ff8ad6d9000 	C:\Program Files\java\jdk-11.0.2\bin\net.dll
0x00007ff8b1f10000 - 0x00007ff8b1fed000 	C:\WINDOWS\SYSTEM32\WINHTTP.dll
0x00007ff8a4820000 - 0x00007ff8a49e8000 	C:\WINDOWS\SYSTEM32\urlmon.dll
0x00007ff8a0ec0000 - 0x00007ff8a1167000 	C:\WINDOWS\SYSTEM32\iertutil.dll
0x00007ff8b3be0000 - 0x00007ff8b3beb000 	C:\WINDOWS\SYSTEM32\CRYPTBASE.DLL
0x00007ff8b3a10000 - 0x00007ff8b3a76000 	C:\WINDOWS\system32\mswsock.dll
0x00007ff8ad5b0000 - 0x00007ff8ad5c3000 	C:\Program Files\java\jdk-11.0.2\bin\nio.dll
0x00007ff88a450000 - 0x00007ff88a5ee000 	C:\Program Files\java\jdk-11.0.2\bin\awt.dll
0x00007ff8b5800000 - 0x00007ff8b58c2000 	C:\WINDOWS\System32\OLEAUT32.dll
0x00007ff8b0d50000 - 0x00007ff8b1317000 	C:\WINDOWS\SYSTEM32\d2d1.dll
0x00007ff8b1e60000 - 0x00007ff8b1eeb000 	C:\WINDOWS\SYSTEM32\apphelp.dll
0x00007ff8b2870000 - 0x00007ff8b2899000 	C:\WINDOWS\system32\DWMAPI.DLL
0x00007ff8b2530000 - 0x00007ff8b25c8000 	C:\WINDOWS\system32\uxtheme.dll
0x00007ff894ea0000 - 0x00007ff894fc0000 	C:\WINDOWS\system32\opengl32.dll
0x00007ff8ad6e0000 - 0x00007ff8ad70c000 	C:\WINDOWS\SYSTEM32\GLU32.dll
0x00007ff8b5f40000 - 0x00007ff8b60b3000 	C:\WINDOWS\System32\MSCTF.dll
0x00007ff8b5930000 - 0x00007ff8b5a81000 	C:\WINDOWS\System32\ole32.dll
0x00007ff892b00000 - 0x00007ff892b80000 	C:\Program Files\java\jdk-11.0.2\bin\freetype.dll
0x00007ff893fb0000 - 0x00007ff89401f000 	C:\Program Files\java\jdk-11.0.2\bin\fontmanager.dll
0x00007ff8b5680000 - 0x00007ff8b5720000 	C:\WINDOWS\System32\clbcatq.dll
0x00007ff8aeb90000 - 0x00007ff8aed3e000 	C:\WINDOWS\SYSTEM32\WindowsCodecs.dll
0x00007ff8a0170000 - 0x00007ff8a01c8000 	C:\WINDOWS\system32\dataexchange.dll
0x00007ff8b0610000 - 0x00007ff8b091b000 	C:\WINDOWS\system32\d3d11.dll
0x00007ff8b13e0000 - 0x00007ff8b157c000 	C:\WINDOWS\system32\dcomp.dll
0x00007ff8b2fb0000 - 0x00007ff8b306b000 	C:\WINDOWS\system32\dxgi.dll
0x00007ff8b2630000 - 0x00007ff8b27e8000 	C:\WINDOWS\system32\twinapi.appcore.dll
0x00007ff8b2600000 - 0x00007ff8b2629000 	C:\WINDOWS\system32\RMCLIENT.dll
0x00007ff8a35a0000 - 0x00007ff8a3636000 	C:\WINDOWS\System32\TextInputFramework.dll
0x00007ff8b18c0000 - 0x00007ff8b199a000 	C:\WINDOWS\System32\CoreMessaging.dll
0x00007ff8ae3d0000 - 0x00007ff8ae6ee000 	C:\WINDOWS\System32\CoreUIComponents.dll
0x00007ff8af7a0000 - 0x00007ff8af8ed000 	C:\WINDOWS\SYSTEM32\wintypes.dll
0x00007ff8b32e0000 - 0x00007ff8b3311000 	C:\WINDOWS\SYSTEM32\ntmarta.dll
0x00007ff894dc0000 - 0x00007ff894e91000 	C:\Windows\System32\IME\IMEKR\imkrtip.dll
0x00007ff8b19a0000 - 0x00007ff8b1b54000 	C:\WINDOWS\SYSTEM32\PROPSYS.dll
0x00007ff894c60000 - 0x00007ff894db6000 	C:\Windows\System32\IME\shared\imetip.dll
0x00007ff8a4b90000 - 0x00007ff8a4bfb000 	C:\WINDOWS\SYSTEM32\OLEACC.dll
0x00007ff88ad40000 - 0x00007ff88aeeb000 	C:\WINDOWS\SYSTEM32\DUI70.dll
0x00007ff8a57c0000 - 0x00007ff8a57fd000 	C:\Windows\System32\IME\IMEKR\imkrapi.dll
0x00007ff8a4550000 - 0x00007ff8a4590000 	C:\Windows\System32\IME\shared\imjkapi.dll
0x00007ff8af5d0000 - 0x00007ff8af5d9000 	C:\Program Files\java\jdk-11.0.2\bin\management.dll
0x00007ff8ae160000 - 0x00007ff8ae16c000 	C:\Program Files\java\jdk-11.0.2\bin\management_ext.dll
0x00007ff8b3bc0000 - 0x00007ff8b3bd7000 	C:\WINDOWS\SYSTEM32\CRYPTSP.dll
0x00007ff8b35f0000 - 0x00007ff8b3623000 	C:\WINDOWS\system32\rsaenh.dll
0x00007ff8b3cf0000 - 0x00007ff8b3d15000 	C:\WINDOWS\SYSTEM32\bcrypt.dll
0x00007ff8b40f0000 - 0x00007ff8b4118000 	C:\WINDOWS\SYSTEM32\USERENV.dll
0x00007ff8b3790000 - 0x00007ff8b37c8000 	C:\WINDOWS\SYSTEM32\IPHLPAPI.DLL
0x00007ff8b5670000 - 0x00007ff8b5678000 	C:\WINDOWS\System32\NSI.dll
0x00007ff8ab380000 - 0x00007ff8ab396000 	C:\WINDOWS\SYSTEM32\dhcpcsvc6.DLL
0x00007ff8ab320000 - 0x00007ff8ab33a000 	C:\WINDOWS\SYSTEM32\dhcpcsvc.DLL
0x00007ff89c4e0000 - 0x00007ff89c4f6000 	C:\WINDOWS\system32\napinsp.dll
0x00007ff89b570000 - 0x00007ff89b58a000 	C:\WINDOWS\system32\pnrpnsp.dll
0x00007ff8affc0000 - 0x00007ff8affd9000 	C:\WINDOWS\system32\NLAapi.dll
0x00007ff8b37d0000 - 0x00007ff8b388e000 	C:\WINDOWS\SYSTEM32\DNSAPI.dll
0x00007ff89ba00000 - 0x00007ff89ba0e000 	C:\WINDOWS\System32\winrnr.dll
0x00007ff8ad7e0000 - 0x00007ff8ad7f5000 	C:\WINDOWS\System32\wshbth.dll
0x00007ff8ab310000 - 0x00007ff8ab31a000 	C:\Windows\System32\rasadhlp.dll
0x00007ff8aac90000 - 0x00007ff8aad02000 	C:\WINDOWS\System32\fwpuclnt.dll

dbghelp: loaded successfully - version: 4.0.5 - missing functions: none
symbol engine: initialized successfully - sym options: 0x614 - pdb path: .;C:\Program Files\java\jdk-11.0.2\bin;C:\WINDOWS\SYSTEM32;C:\WINDOWS\WinSxS\amd64_microsoft.windows.common-controls_6595b64144ccf1df_6.0.17134.765_none_fb42a1a930655896;C:\Program Files\java\jdk-11.0.2\bin\server;C:\Windows\System32\IME\IMEKR;C:\Windows\System32\IME\shared

VM Arguments:
jvm_args: -Dfile.encoding=MS949 
java_command: Parkinglot.Login
java_class_path (initial): C:\Users\GeonHa\Desktop\ÀÌ½ÂÈ¯\JAVA\Parking\bin;C:\Users\GeonHa\Desktop\ÀÌ½ÂÈ¯\JAVA\Parking\lib\ojdbc6.jar
Launcher Type: SUN_STANDARD

[Global flags]
     intx CICompilerCount                          = 4                                         {product} {ergonomic}
     uint ConcGCThreads                            = 2                                         {product} {ergonomic}
     uint G1ConcRefinementThreads                  = 8                                         {product} {ergonomic}
   size_t G1HeapRegionSize                         = 1048576                                   {product} {ergonomic}
    uintx GCDrainStackTargetSize                   = 64                                        {product} {ergonomic}
   size_t InitialHeapSize                          = 132120576                                 {product} {ergonomic}
   size_t MarkStackSize                            = 4194304                                   {product} {ergonomic}
   size_t MaxHeapSize                              = 2105540608                                {product} {ergonomic}
   size_t MaxNewSize                               = 1262485504                                {product} {ergonomic}
   size_t MinHeapDeltaBytes                        = 1048576                                   {product} {ergonomic}
    uintx NonNMethodCodeHeapSize                   = 5835340                                {pd product} {ergonomic}
    uintx NonProfiledCodeHeapSize                  = 122911450                              {pd product} {ergonomic}
    uintx ProfiledCodeHeapSize                     = 122911450                              {pd product} {ergonomic}
    uintx ReservedCodeCacheSize                    = 251658240                              {pd product} {ergonomic}
     bool SegmentedCodeCache                       = true                                      {product} {ergonomic}
     bool UseCompressedClassPointers               = true                                 {lp64_product} {ergonomic}
     bool UseCompressedOops                        = true                                 {lp64_product} {ergonomic}
     bool UseG1GC                                  = true                                      {product} {ergonomic}
     bool UseLargePagesIndividualAllocation        = false                                  {pd product} {ergonomic}

Logging:
Log output configuration:
 #0: stdout all=warning uptime,level,tags
 #1: stderr all=off uptime,level,tags

Environment Variables:
PATH=C:/Program Files/java/jdk-11.0.2/bin/server;C:/Program Files/java/jdk-11.0.2/bin;C:\oraclexe\app\oracle\product\11.2.0\server\bin;;C:\Program Files\java\jdk-11.0.2\bin;C:\Program Files (x86)\Intel\iCLS Client\;C:\Program Files\Intel\iCLS Client\;C:\WINDOWS\system32;C:\WINDOWS;C:\WINDOWS\System32\Wbem;C:\WINDOWS\System32\WindowsPowerShell\v1.0\;C:\Program Files (x86)\Intel\Intel(R) Management Engine Components\DAL;C:\Program Files\Intel\Intel(R) Management Engine Components\DAL;C:\Program Files (x86)\Intel\Intel(R) Management Engine Components\IPT;C:\Program Files\Intel\Intel(R) Management Engine Components\IPT;C:\Program Files\Intel\WiFi\bin\;C:\Program Files\Common Files\Intel\WirelessCommon\;C:\WINDOWS\System32\OpenSSH\;C:\Program Files\dotnet\;C:\Users\GeonHa\AppData\Local\Microsoft\WindowsApps;C:\Program Files\Bandizip\;C:\Users\GeonHa\Desktop;
USERNAME=User
OS=Windows_NT
PROCESSOR_IDENTIFIER=Intel64 Family 6 Model 142 Stepping 10, GenuineIntel



---------------  S Y S T E M  ---------------

OS: Windows 10 , 64 bit Build 17134 (10.0.17134.753)

CPU:total 8 (initial active 8) (4 cores per cpu, 2 threads per core) family 6 model 142 stepping 10, cmov, cx8, fxsr, mmx, sse, sse2, sse3, ssse3, sse4.1, sse4.2, popcnt, avx, avx2, aes, clmul, erms, 3dnowpref, lzcnt, ht, tsc, tscinvbit, bmi1, bmi2, adx, fma

Memory: 4k page, system-wide physical 8025M (1612M free)
TotalPageFile size 32601M (AvailPageFile size 0M)
current process WorkingSet (physical memory assigned to process): 119M, peak: 131M
current process commit charge ("private bytes"): 247M, peak: 259M

vm_info: OpenJDK 64-Bit Server VM (11.0.2+9) for windows-amd64 JRE (11.0.2+9), built on Jan 18 2019 05:23:22 by "mach5one" with MS VC++ 15.5 (VS2017)

END.
