#
# There is insufficient memory for the Java Runtime Environment to continue.
# Native memory allocation (mmap) failed to map 132120576 bytes for Failed to commit area from 0x0000000082800000 to 0x000000008a600000 of length 132120576.
# Possible reasons:
#   The system is out of physical RAM or swap space
#   The process is running with CompressedOops enabled, and the Java Heap may be blocking the growth of the native heap
# Possible solutions:
#   Reduce memory load on the system
#   Increase physical memory or swap space
#   Check if swap backing store is full
#   Decrease Java heap size (-Xmx/-Xms)
#   Decrease number of Java threads
#   Decrease Java thread stack sizes (-Xss)
#   Set larger code cache with -XX:ReservedCodeCacheSize=
# This output file may be truncated or incomplete.
#
#  Out of Memory Error (t:/workspace/open/src/hotspot/os/windows/os_windows.cpp:3269), pid=21172, tid=28232
#
# JRE version:  (11.0.2+9) (build )
# Java VM: OpenJDK 64-Bit Server VM (11.0.2+9, mixed mode, aot, sharing, tiered, compressed oops, g1 gc, windows-amd64)
# No core dump will be written. Minidumps are not enabled by default on client versions of Windows
#

---------------  S U M M A R Y ------------

Command Line: -Dfile.encoding=MS949 Parkinglot.DB_Log

Host: Intel(R) Core(TM) i5-8250U CPU @ 1.60GHz, 8 cores, 7G,  Windows 10 , 64 bit Build 17134 (10.0.17134.753)
Time: Mon Jun  3 20:21:48 2019 ¢¥eCN©öI¡¾©ö C¡ÍA¨ª¨öA elapsed time: 0 seconds (0d 0h 0m 0s)

---------------  T H R E A D  ---------------

Current thread (0x000001bfde0d7000):  JavaThread "Unknown thread" [_thread_in_vm, id=28232, stack(0x0000003708200000,0x0000003708300000)]

Stack: [0x0000003708200000,0x0000003708300000]
Native frames: (J=compiled Java code, j=interpreted, Vv=VM code, C=native code)
V  [jvm.dll+0x63489a]
V  [jvm.dll+0x771f9f]
V  [jvm.dll+0x773648]
V  [jvm.dll+0x773d03]
V  [jvm.dll+0x25eba8]
V  [jvm.dll+0x631d3a]
V  [jvm.dll+0x626775]
V  [jvm.dll+0x313ffc]
V  [jvm.dll+0x313e82]
V  [jvm.dll+0x3196e6]
V  [jvm.dll+0x36579f]
V  [jvm.dll+0x3651c0]
V  [jvm.dll+0x2f0ff8]
V  [jvm.dll+0x2f2156]
V  [jvm.dll+0x74b4f7]
V  [jvm.dll+0x74cc3f]
V  [jvm.dll+0x372609]
V  [jvm.dll+0x731b69]
V  [jvm.dll+0x3e1bad]
V  [jvm.dll+0x3e3e81]
C  [javaw.exe+0x3617]
C  [javaw.exe+0x17a6c]
C  [KERNEL32.DLL+0x14034]
C  [ntdll.dll+0x73691]


---------------  P R O C E S S  ---------------

Threads class SMR info:
_java_thread_list=0x000001bfdc814620, length=0, elements={
}

Java Threads: ( => current thread )

Other Threads:
  0x000001bfdc8eb800 GCTaskThread "GC Thread#0" [stack: 0x0000003708300000,0x0000003708400000] [id=13456]
  0x000001bfde118800 ConcurrentGCThread "G1 Main Marker" [stack: 0x0000003708400000,0x0000003708500000] [id=23400]
  0x000001bfde11a800 ConcurrentGCThread "G1 Conc#0" [stack: 0x0000003708500000,0x0000003708600000] [id=7724]

[error occurred during error reporting (printing all threads), id 0xc0000005, EXCEPTION_ACCESS_VIOLATION (0xc0000005) at pc=0x00007ff8781bf5b7]

VM state:not at safepoint (not fully initialized)

VM Mutex/Monitor currently owned by a thread:  ([mutex/lock_event])
[0x000001bfde0d59a0] Heap_lock - owner thread: 0x000001bfde0d7000

Heap address: 0x0000000082800000, size: 2008 MB, Compressed Oops mode: Non-zero based: 0x0000000082800000
Narrow klass base: 0x0000000000000000, Narrow klass shift: 0

GC Heap History (0 events):
No events

Deoptimization events (0 events):
No events

Classes redefined (0 events):
No events

Internal exceptions (0 events):
No events

Events (0 events):
No events


Dynamic libraries:
0x00007ff7a5ce0000 - 0x00007ff7a5d25000 	C:\Program Files\java\jdk-11.0.2\bin\javaw.exe
0x00007ff8b7ee0000 - 0x00007ff8b80c1000 	C:\WINDOWS\SYSTEM32\ntdll.dll
0x00007ff8b5740000 - 0x00007ff8b57f1000 	C:\WINDOWS\System32\KERNEL32.DLL
0x00007ff8b4790000 - 0x00007ff8b4a03000 	C:\WINDOWS\System32\KERNELBASE.dll
0x00007ff8b7b30000 - 0x00007ff8b7cc0000 	C:\WINDOWS\System32\USER32.dll
0x00007ff8b4770000 - 0x00007ff8b4790000 	C:\WINDOWS\System32\win32u.dll
0x00007ff8b5640000 - 0x00007ff8b5668000 	C:\WINDOWS\System32\GDI32.dll
0x00007ff8b4ac0000 - 0x00007ff8b4c52000 	C:\WINDOWS\System32\gdi32full.dll
0x00007ff8b45f0000 - 0x00007ff8b468f000 	C:\WINDOWS\System32\msvcp_win.dll
0x00007ff8b44f0000 - 0x00007ff8b45e8000 	C:\WINDOWS\System32\ucrtbase.dll
0x00007ff895430000 - 0x00007ff895699000 	C:\WINDOWS\WinSxS\amd64_microsoft.windows.common-controls_6595b64144ccf1df_6.0.17134.765_none_fb42a1a930655896\COMCTL32.dll
0x00007ff8b5370000 - 0x00007ff8b540e000 	C:\WINDOWS\System32\msvcrt.dll
0x00007ff8b5c10000 - 0x00007ff8b5f32000 	C:\WINDOWS\System32\combase.dll
0x00007ff8b7d70000 - 0x00007ff8b7e94000 	C:\WINDOWS\System32\RPCRT4.dll
0x00007ff8b46f0000 - 0x00007ff8b476a000 	C:\WINDOWS\System32\bcryptPrimitives.dll
0x00007ff8b5be0000 - 0x00007ff8b5c0d000 	C:\WINDOWS\System32\IMM32.DLL
0x00007ff8afa10000 - 0x00007ff8afa26000 	C:\Program Files\java\jdk-11.0.2\bin\vcruntime140.dll
0x00007ff88f040000 - 0x00007ff88f0ea000 	C:\Program Files\java\jdk-11.0.2\bin\msvcp140.dll
0x00007ff877ec0000 - 0x00007ff8789e3000 	C:\Program Files\java\jdk-11.0.2\bin\server\jvm.dll
0x00007ff8b60c0000 - 0x00007ff8b6161000 	C:\WINDOWS\System32\ADVAPI32.dll
0x00007ff8b7ad0000 - 0x00007ff8b7b2b000 	C:\WINDOWS\System32\sechost.dll
0x00007ff8b5410000 - 0x00007ff8b5418000 	C:\WINDOWS\System32\PSAPI.DLL
0x00007ff8a2f80000 - 0x00007ff8a2f89000 	C:\WINDOWS\SYSTEM32\WSOCK32.dll
0x00007ff8a2ea0000 - 0x00007ff8a2eaa000 	C:\WINDOWS\SYSTEM32\VERSION.dll
0x00007ff8b1ce0000 - 0x00007ff8b1d03000 	C:\WINDOWS\SYSTEM32\WINMM.dll
0x00007ff8b7610000 - 0x00007ff8b767c000 	C:\WINDOWS\System32\WS2_32.dll
0x00007ff8b1c50000 - 0x00007ff8b1c7a000 	C:\WINDOWS\SYSTEM32\winmmbase.dll
0x00007ff8b44a0000 - 0x00007ff8b44e9000 	C:\WINDOWS\System32\cfgmgr32.dll
0x00007ff8b4290000 - 0x00007ff8b42a1000 	C:\WINDOWS\System32\kernel.appcore.dll
0x00007ff8af0f0000 - 0x00007ff8af101000 	C:\Program Files\java\jdk-11.0.2\bin\verify.dll
0x00007ff8b2c40000 - 0x00007ff8b2e09000 	C:\WINDOWS\SYSTEM32\DBGHELP.DLL
0x00007ff89c2d0000 - 0x00007ff89c2f9000 	C:\WINDOWS\SYSTEM32\dbgcore.DLL
0x00007ff8a3c30000 - 0x00007ff8a3c58000 	C:\Program Files\java\jdk-11.0.2\bin\java.dll
0x00007ff8adb50000 - 0x00007ff8adb66000 	C:\Program Files\java\jdk-11.0.2\bin\zip.dll
0x00007ff8af720000 - 0x00007ff8af72a000 	C:\Program Files\java\jdk-11.0.2\bin\jimage.dll

dbghelp: loaded successfully - version: 4.0.5 - missing functions: none
symbol engine: initialized successfully - sym options: 0x614 - pdb path: .;C:\Program Files\java\jdk-11.0.2\bin;C:\WINDOWS\SYSTEM32;C:\WINDOWS\WinSxS\amd64_microsoft.windows.common-controls_6595b64144ccf1df_6.0.17134.765_none_fb42a1a930655896;C:\Program Files\java\jdk-11.0.2\bin\server

VM Arguments:
jvm_args: -Dfile.encoding=MS949 
java_command: Parkinglot.DB_Log
java_class_path (initial): C:\Users\GeonHa\Desktop\ÀÌ½ÂÈ¯\JAVA\Parking\bin;C:\Users\GeonHa\Desktop\ÀÌ½ÂÈ¯\JAVA\Parking\lib\ojdbc6.jar
Launcher Type: SUN_STANDARD

[Global flags]
     intx CICompilerCount                          = 4                                         {product} {ergonomic}
     uint ConcGCThreads                            = 2                                         {product} {ergonomic}
     uint G1ConcRefinementThreads                  = 8                                         {product} {ergonomic}
   size_t G1HeapRegionSize                         = 1048576                                   {product} {ergonomic}
    uintx GCDrainStackTargetSize                   = 64                                        {product} {ergonomic}
   size_t InitialHeapSize                          = 132120576                                 {product} {ergonomic}
   size_t MarkStackSize                            = 4194304                                   {product} {ergonomic}
   size_t MaxHeapSize                              = 2105540608                                {product} {ergonomic}
   size_t MinHeapDeltaBytes                        = 1048576                                   {product} {ergonomic}
    uintx NonNMethodCodeHeapSize                   = 5835340                                {pd product} {ergonomic}
    uintx NonProfiledCodeHeapSize                  = 122911450                              {pd product} {ergonomic}
    uintx ProfiledCodeHeapSize                     = 122911450                              {pd product} {ergonomic}
    uintx ReservedCodeCacheSize                    = 251658240                              {pd product} {ergonomic}
     bool SegmentedCodeCache                       = true                                      {product} {ergonomic}
     bool UseCompressedClassPointers               = true                                 {lp64_product} {ergonomic}
     bool UseCompressedOops                        = true                                 {lp64_product} {ergonomic}
     bool UseG1GC                                  = true                                      {product} {ergonomic}
     bool UseLargePagesIndividualAllocation        = false                                  {pd product} {ergonomic}

Logging:
Log output configuration:
 #0: stdout all=warning uptime,level,tags
 #1: stderr all=off uptime,level,tags

Environment Variables:
PATH=C:/Program Files/java/jdk-11.0.2/bin/server;C:/Program Files/java/jdk-11.0.2/bin;C:\oraclexe\app\oracle\product\11.2.0\server\bin;;C:\Program Files\java\jdk-11.0.2\bin;C:\Program Files (x86)\Intel\iCLS Client\;C:\Program Files\Intel\iCLS Client\;C:\WINDOWS\system32;C:\WINDOWS;C:\WINDOWS\System32\Wbem;C:\WINDOWS\System32\WindowsPowerShell\v1.0\;C:\Program Files (x86)\Intel\Intel(R) Management Engine Components\DAL;C:\Program Files\Intel\Intel(R) Management Engine Components\DAL;C:\Program Files (x86)\Intel\Intel(R) Management Engine Components\IPT;C:\Program Files\Intel\Intel(R) Management Engine Components\IPT;C:\Program Files\Intel\WiFi\bin\;C:\Program Files\Common Files\Intel\WirelessCommon\;C:\WINDOWS\System32\OpenSSH\;C:\Program Files\dotnet\;C:\Users\GeonHa\AppData\Local\Microsoft\WindowsApps;C:\Program Files\Bandizip\;C:\Users\GeonHa\Desktop;
USERNAME=User
OS=Windows_NT
PROCESSOR_IDENTIFIER=Intel64 Family 6 Model 142 Stepping 10, GenuineIntel



---------------  S Y S T E M  ---------------

OS: Windows 10 , 64 bit Build 17134 (10.0.17134.753)

CPU:total 8 (initial active 8) (4 cores per cpu, 2 threads per core) family 6 model 142 stepping 10, cmov, cx8, fxsr, mmx, sse, sse2, sse3, ssse3, sse4.1, sse4.2, popcnt, avx, avx2, aes, clmul, erms, 3dnowpref, lzcnt, ht, tsc, tscinvbit, bmi1, bmi2, adx, fma

Memory: 4k page, system-wide physical 8025M (2098M free)
TotalPageFile size 32601M (AvailPageFile size 56M)
current process WorkingSet (physical memory assigned to process): 10M, peak: 10M
current process commit charge ("private bytes"): 60M, peak: 186M

vm_info: OpenJDK 64-Bit Server VM (11.0.2+9) for windows-amd64 JRE (11.0.2+9), built on Jan 18 2019 05:23:22 by "mach5one" with MS VC++ 15.5 (VS2017)

END.
