#
# There is insufficient memory for the Java Runtime Environment to continue.
# Native memory allocation (malloc) failed to allocate 825456 bytes for Chunk::new
# Possible reasons:
#   The system is out of physical RAM or swap space
#   The process is running with CompressedOops enabled, and the Java Heap may be blocking the growth of the native heap
# Possible solutions:
#   Reduce memory load on the system
#   Increase physical memory or swap space
#   Check if swap backing store is full
#   Decrease Java heap size (-Xmx/-Xms)
#   Decrease number of Java threads
#   Decrease Java thread stack sizes (-Xss)
#   Set larger code cache with -XX:ReservedCodeCacheSize=
#   JVM is running with Unscaled Compressed Oops mode in which the Java heap is
#     placed in the first 4GB address space. The Java Heap base address is the
#     maximum limit for the native heap growth. Please use -XX:HeapBaseMinAddress
#     to set the Java Heap base and to place the Java Heap above 4GB virtual address.
# This output file may be truncated or incomplete.
#
#  Out of Memory Error (t:/workspace/open/src/hotspot/share/memory/arena.cpp:197), pid=76652, tid=61560
#
# JRE version: OpenJDK Runtime Environment (11.0.2+9) (build 11.0.2+9)
# Java VM: OpenJDK 64-Bit Server VM (11.0.2+9, mixed mode, tiered, compressed oops, g1 gc, windows-amd64)
# No core dump will be written. Minidumps are not enabled by default on client versions of Windows
#

---------------  S U M M A R Y ------------

Command Line: -Dfile.encoding=MS949 Parkinglot.Login

Host: Intel(R) Core(TM) i5-8250U CPU @ 1.60GHz, 8 cores, 7G,  Windows 10 , 64 bit Build 17134 (10.0.17134.753)
Time: Sun Jun  9 20:34:45 2019 ¢¥eCN©öI¡¾©ö C¡ÍA¨ª¨öA elapsed time: 1 seconds (0d 0h 0m 1s)

---------------  T H R E A D  ---------------

Current thread (0x0000029360c0c000):  JavaThread "C2 CompilerThread0" daemon [_thread_in_native, id=61560, stack(0x0000009546a00000,0x0000009546b00000)]


Current CompileTask:
C2:   1942 1007       4       java.lang.invoke.InvokerBytecodeGenerator::emitImplicitConversion (159 bytes)

Stack: [0x0000009546a00000,0x0000009546b00000]
Native frames: (J=compiled Java code, j=interpreted, Vv=VM code, C=native code)
V  [jvm.dll+0x63489a]
V  [jvm.dll+0x771f9f]
V  [jvm.dll+0x773648]
V  [jvm.dll+0x773d03]
V  [jvm.dll+0x25eba8]
V  [jvm.dll+0xc2191]
V  [jvm.dll+0xc271c]
V  [jvm.dll+0x36cc02]
V  [jvm.dll+0x339b13]
V  [jvm.dll+0x338eea]
V  [jvm.dll+0x2189c5]
V  [jvm.dll+0x217b6a]
V  [jvm.dll+0x194370]
V  [jvm.dll+0x226b3f]
V  [jvm.dll+0x225148]
V  [jvm.dll+0x73774d]
V  [jvm.dll+0x633942]
C  [ucrtbase.dll+0x1e3fe]
C  [KERNEL32.DLL+0x14034]
C  [ntdll.dll+0x73691]


---------------  P R O C E S S  ---------------

Threads class SMR info:
_java_thread_list=0x0000029362f25560, length=18, elements={
0x000002936030f800, 0x0000029360318000, 0x000002936032e800, 0x0000029360307800,
0x0000029360c0c000, 0x0000029360c13800, 0x0000029360c1f800, 0x0000029360d86000,
0x0000029360d89800, 0x0000029361228800, 0x000002936122c000, 0x0000029361231000,
0x0000029361279000, 0x00000293631cc000, 0x0000029360d87000, 0x0000029340f6f800,
0x00000293634bc000, 0x00000293633b3800
}

Java Threads: ( => current thread )
  0x000002936030f800 JavaThread "Reference Handler" daemon [_thread_blocked, id=54912, stack(0x0000009546600000,0x0000009546700000)]
  0x0000029360318000 JavaThread "Finalizer" daemon [_thread_blocked, id=79160, stack(0x0000009546700000,0x0000009546800000)]
  0x000002936032e800 JavaThread "Signal Dispatcher" daemon [_thread_blocked, id=43048, stack(0x0000009546800000,0x0000009546900000)]
  0x0000029360307800 JavaThread "Attach Listener" daemon [_thread_blocked, id=19116, stack(0x0000009546900000,0x0000009546a00000)]
=>0x0000029360c0c000 JavaThread "C2 CompilerThread0" daemon [_thread_in_native, id=61560, stack(0x0000009546a00000,0x0000009546b00000)]
  0x0000029360c13800 JavaThread "C1 CompilerThread0" daemon [_thread_blocked, id=69024, stack(0x0000009546b00000,0x0000009546c00000)]
  0x0000029360c1f800 JavaThread "Sweeper thread" daemon [_thread_blocked, id=23080, stack(0x0000009546c00000,0x0000009546d00000)]
  0x0000029360d86000 JavaThread "Service Thread" daemon [_thread_blocked, id=78528, stack(0x0000009546d00000,0x0000009546e00000)]
  0x0000029360d89800 JavaThread "Common-Cleaner" daemon [_thread_blocked, id=26072, stack(0x0000009546f00000,0x0000009547000000)]
  0x0000029361228800 JavaThread "Java2D Disposer" daemon [_thread_blocked, id=6264, stack(0x0000009547000000,0x0000009547100000)]
  0x000002936122c000 JavaThread "AWT-Shutdown" [_thread_blocked, id=26236, stack(0x0000009547100000,0x0000009547200000)]
  0x0000029361231000 JavaThread "AWT-Windows" daemon [_thread_in_native, id=71796, stack(0x0000009547200000,0x0000009547300000)]
  0x0000029361279000 JavaThread "Image Fetcher 0" daemon [_thread_blocked, id=51568, stack(0x0000009547400000,0x0000009547500000)]
  0x00000293631cc000 JavaThread "Image Fetcher 1" daemon [_thread_blocked, id=52776, stack(0x0000009547500000,0x0000009547600000)]
  0x0000029360d87000 JavaThread "AWT-EventQueue-0" [_thread_in_Java, id=29740, stack(0x0000009547600000,0x0000009547700000)]
  0x0000029340f6f800 JavaThread "DestroyJavaVM" [_thread_blocked, id=58512, stack(0x0000009545f00000,0x0000009546000000)]
  0x00000293634bc000 JavaThread "TimerQueue" daemon [_thread_blocked, id=55468, stack(0x0000009547300000,0x0000009547400000)]
  0x00000293633b3800 JavaThread "C2 CompilerThread1" daemon [_thread_blocked, id=12692, stack(0x0000009547a00000,0x0000009547b00000)]

Other Threads:
  0x00000293602d7000 VMThread "VM Thread" [stack: 0x0000009546500000,0x0000009546600000] [id=20276]
  0x0000029360d99800 WatcherThread [stack: 0x0000009546e00000,0x0000009546f00000] [id=35352]
  0x0000029340f85800 GCTaskThread "GC Thread#0" [stack: 0x0000009546000000,0x0000009546100000] [id=74824]
  0x0000029340fb5800 ConcurrentGCThread "G1 Main Marker" [stack: 0x0000009546100000,0x0000009546200000] [id=54328]
  0x0000029340fbd000 ConcurrentGCThread "G1 Conc#0" [stack: 0x0000009546200000,0x0000009546300000] [id=30860]
  0x0000029360141800 ConcurrentGCThread "G1 Refine#0" [stack: 0x0000009546300000,0x0000009546400000] [id=40252]
  0x0000029360142800 ConcurrentGCThread "G1 Young RemSet Sampling" [stack: 0x0000009546400000,0x0000009546500000] [id=43028]

Threads with active compile tasks:
C2 CompilerThread01007       4       java.lang.invoke.InvokerBytecodeGenerator::emitImplicitConversion (159 bytes)

VM state:not at safepoint (normal execution)

VM Mutex/Monitor currently owned by a thread: None

Heap address: 0x0000000082800000, size: 2008 MB, Compressed Oops mode: 32-bit
Narrow klass base: 0x0000000000000000, Narrow klass shift: 3
Compressed class space size: 1073741824 Address: 0x0000000100000000

Heap:
 garbage-first heap   total 129024K, used 19456K [0x0000000082800000, 0x0000000100000000)
  region size 1024K, 17 young (17408K), 0 survivors (0K)
 Metaspace       used 17806K, capacity 18280K, committed 18432K, reserved 1064960K
  class space    used 1959K, capacity 2179K, committed 2304K, reserved 1048576K
Heap Regions: E=young(eden), S=young(survivor), O=old, HS=humongous(starts), HC=humongous(continues), CS=collection set, F=free, A=archive, TAMS=top-at-mark-start (previous, next)
|   0|0x0000000082800000, 0x0000000082900000, 0x0000000082900000|100%|HS|  |TAMS 0x0000000082800000, 0x0000000082800000| Complete 
|   1|0x0000000082900000, 0x0000000082a00000, 0x0000000082a00000|100%|HS|  |TAMS 0x0000000082900000, 0x0000000082900000| Complete 
|   2|0x0000000082a00000, 0x0000000082b00000, 0x0000000082b00000|100%|HS|  |TAMS 0x0000000082a00000, 0x0000000082a00000| Complete 
|   3|0x0000000082b00000, 0x0000000082c00000, 0x0000000082c00000|100%|HS|  |TAMS 0x0000000082b00000, 0x0000000082b00000| Complete 
|   4|0x0000000082c00000, 0x0000000082c00000, 0x0000000082d00000|  0%| F|  |TAMS 0x0000000082c00000, 0x0000000082c00000| Untracked 
|   5|0x0000000082d00000, 0x0000000082d00000, 0x0000000082e00000|  0%| F|  |TAMS 0x0000000082d00000, 0x0000000082d00000| Untracked 
|   6|0x0000000082e00000, 0x0000000082e00000, 0x0000000082f00000|  0%| F|  |TAMS 0x0000000082e00000, 0x0000000082e00000| Untracked 
|   7|0x0000000082f00000, 0x0000000082f00000, 0x0000000083000000|  0%| F|  |TAMS 0x0000000082f00000, 0x0000000082f00000| Untracked 
|   8|0x0000000083000000, 0x0000000083000000, 0x0000000083100000|  0%| F|  |TAMS 0x0000000083000000, 0x0000000083000000| Untracked 
|   9|0x0000000083100000, 0x0000000083100000, 0x0000000083200000|  0%| F|  |TAMS 0x0000000083100000, 0x0000000083100000| Untracked 
|  10|0x0000000083200000, 0x0000000083200000, 0x0000000083300000|  0%| F|  |TAMS 0x0000000083200000, 0x0000000083200000| Untracked 
|  11|0x0000000083300000, 0x0000000083300000, 0x0000000083400000|  0%| F|  |TAMS 0x0000000083300000, 0x0000000083300000| Untracked 
|  12|0x0000000083400000, 0x0000000083400000, 0x0000000083500000|  0%| F|  |TAMS 0x0000000083400000, 0x0000000083400000| Untracked 
|  13|0x0000000083500000, 0x0000000083500000, 0x0000000083600000|  0%| F|  |TAMS 0x0000000083500000, 0x0000000083500000| Untracked 
|  14|0x0000000083600000, 0x0000000083600000, 0x0000000083700000|  0%| F|  |TAMS 0x0000000083600000, 0x0000000083600000| Untracked 
|  15|0x0000000083700000, 0x0000000083700000, 0x0000000083800000|  0%| F|  |TAMS 0x0000000083700000, 0x0000000083700000| Untracked 
|  16|0x0000000083800000, 0x0000000083800000, 0x0000000083900000|  0%| F|  |TAMS 0x0000000083800000, 0x0000000083800000| Untracked 
|  17|0x0000000083900000, 0x0000000083900000, 0x0000000083a00000|  0%| F|  |TAMS 0x0000000083900000, 0x0000000083900000| Untracked 
|  18|0x0000000083a00000, 0x0000000083a00000, 0x0000000083b00000|  0%| F|  |TAMS 0x0000000083a00000, 0x0000000083a00000| Untracked 
|  19|0x0000000083b00000, 0x0000000083b00000, 0x0000000083c00000|  0%| F|  |TAMS 0x0000000083b00000, 0x0000000083b00000| Untracked 
|  20|0x0000000083c00000, 0x0000000083c00000, 0x0000000083d00000|  0%| F|  |TAMS 0x0000000083c00000, 0x0000000083c00000| Untracked 
|  21|0x0000000083d00000, 0x0000000083d00000, 0x0000000083e00000|  0%| F|  |TAMS 0x0000000083d00000, 0x0000000083d00000| Untracked 
|  22|0x0000000083e00000, 0x0000000083e00000, 0x0000000083f00000|  0%| F|  |TAMS 0x0000000083e00000, 0x0000000083e00000| Untracked 
|  23|0x0000000083f00000, 0x0000000083f00000, 0x0000000084000000|  0%| F|  |TAMS 0x0000000083f00000, 0x0000000083f00000| Untracked 
|  24|0x0000000084000000, 0x0000000084000000, 0x0000000084100000|  0%| F|  |TAMS 0x0000000084000000, 0x0000000084000000| Untracked 
|  25|0x0000000084100000, 0x0000000084100000, 0x0000000084200000|  0%| F|  |TAMS 0x0000000084100000, 0x0000000084100000| Untracked 
|  26|0x0000000084200000, 0x0000000084200000, 0x0000000084300000|  0%| F|  |TAMS 0x0000000084200000, 0x0000000084200000| Untracked 
|  27|0x0000000084300000, 0x0000000084300000, 0x0000000084400000|  0%| F|  |TAMS 0x0000000084300000, 0x0000000084300000| Untracked 
|  28|0x0000000084400000, 0x0000000084400000, 0x0000000084500000|  0%| F|  |TAMS 0x0000000084400000, 0x0000000084400000| Untracked 
|  29|0x0000000084500000, 0x0000000084500000, 0x0000000084600000|  0%| F|  |TAMS 0x0000000084500000, 0x0000000084500000| Untracked 
|  30|0x0000000084600000, 0x0000000084600000, 0x0000000084700000|  0%| F|  |TAMS 0x0000000084600000, 0x0000000084600000| Untracked 
|  31|0x0000000084700000, 0x0000000084700000, 0x0000000084800000|  0%| F|  |TAMS 0x0000000084700000, 0x0000000084700000| Untracked 
|  32|0x0000000084800000, 0x0000000084800000, 0x0000000084900000|  0%| F|  |TAMS 0x0000000084800000, 0x0000000084800000| Untracked 
|  33|0x0000000084900000, 0x0000000084900000, 0x0000000084a00000|  0%| F|  |TAMS 0x0000000084900000, 0x0000000084900000| Untracked 
|  34|0x0000000084a00000, 0x0000000084a00000, 0x0000000084b00000|  0%| F|  |TAMS 0x0000000084a00000, 0x0000000084a00000| Untracked 
|  35|0x0000000084b00000, 0x0000000084b00000, 0x0000000084c00000|  0%| F|  |TAMS 0x0000000084b00000, 0x0000000084b00000| Untracked 
|  36|0x0000000084c00000, 0x0000000084c00000, 0x0000000084d00000|  0%| F|  |TAMS 0x0000000084c00000, 0x0000000084c00000| Untracked 
|  37|0x0000000084d00000, 0x0000000084d00000, 0x0000000084e00000|  0%| F|  |TAMS 0x0000000084d00000, 0x0000000084d00000| Untracked 
|  38|0x0000000084e00000, 0x0000000084e00000, 0x0000000084f00000|  0%| F|  |TAMS 0x0000000084e00000, 0x0000000084e00000| Untracked 
|  39|0x0000000084f00000, 0x0000000084f00000, 0x0000000085000000|  0%| F|  |TAMS 0x0000000084f00000, 0x0000000084f00000| Untracked 
|  40|0x0000000085000000, 0x0000000085000000, 0x0000000085100000|  0%| F|  |TAMS 0x0000000085000000, 0x0000000085000000| Untracked 
|  41|0x0000000085100000, 0x0000000085100000, 0x0000000085200000|  0%| F|  |TAMS 0x0000000085100000, 0x0000000085100000| Untracked 
|  42|0x0000000085200000, 0x0000000085200000, 0x0000000085300000|  0%| F|  |TAMS 0x0000000085200000, 0x0000000085200000| Untracked 
|  43|0x0000000085300000, 0x0000000085300000, 0x0000000085400000|  0%| F|  |TAMS 0x0000000085300000, 0x0000000085300000| Untracked 
|  44|0x0000000085400000, 0x0000000085400000, 0x0000000085500000|  0%| F|  |TAMS 0x0000000085400000, 0x0000000085400000| Untracked 
|  45|0x0000000085500000, 0x0000000085500000, 0x0000000085600000|  0%| F|  |TAMS 0x0000000085500000, 0x0000000085500000| Untracked 
|  46|0x0000000085600000, 0x0000000085600000, 0x0000000085700000|  0%| F|  |TAMS 0x0000000085600000, 0x0000000085600000| Untracked 
|  47|0x0000000085700000, 0x0000000085700000, 0x0000000085800000|  0%| F|  |TAMS 0x0000000085700000, 0x0000000085700000| Untracked 
|  48|0x0000000085800000, 0x0000000085800000, 0x0000000085900000|  0%| F|  |TAMS 0x0000000085800000, 0x0000000085800000| Untracked 
|  49|0x0000000085900000, 0x0000000085900000, 0x0000000085a00000|  0%| F|  |TAMS 0x0000000085900000, 0x0000000085900000| Untracked 
|  50|0x0000000085a00000, 0x0000000085a00000, 0x0000000085b00000|  0%| F|  |TAMS 0x0000000085a00000, 0x0000000085a00000| Untracked 
|  51|0x0000000085b00000, 0x0000000085b00000, 0x0000000085c00000|  0%| F|  |TAMS 0x0000000085b00000, 0x0000000085b00000| Untracked 
|  52|0x0000000085c00000, 0x0000000085c00000, 0x0000000085d00000|  0%| F|  |TAMS 0x0000000085c00000, 0x0000000085c00000| Untracked 
|  53|0x0000000085d00000, 0x0000000085d00000, 0x0000000085e00000|  0%| F|  |TAMS 0x0000000085d00000, 0x0000000085d00000| Untracked 
|  54|0x0000000085e00000, 0x0000000085e00000, 0x0000000085f00000|  0%| F|  |TAMS 0x0000000085e00000, 0x0000000085e00000| Untracked 
|  55|0x0000000085f00000, 0x0000000085f00000, 0x0000000086000000|  0%| F|  |TAMS 0x0000000085f00000, 0x0000000085f00000| Untracked 
|  56|0x0000000086000000, 0x0000000086000000, 0x0000000086100000|  0%| F|  |TAMS 0x0000000086000000, 0x0000000086000000| Untracked 
|  57|0x0000000086100000, 0x0000000086100000, 0x0000000086200000|  0%| F|  |TAMS 0x0000000086100000, 0x0000000086100000| Untracked 
|  58|0x0000000086200000, 0x0000000086200000, 0x0000000086300000|  0%| F|  |TAMS 0x0000000086200000, 0x0000000086200000| Untracked 
|  59|0x0000000086300000, 0x0000000086300000, 0x0000000086400000|  0%| F|  |TAMS 0x0000000086300000, 0x0000000086300000| Untracked 
|  60|0x0000000086400000, 0x0000000086400000, 0x0000000086500000|  0%| F|  |TAMS 0x0000000086400000, 0x0000000086400000| Untracked 
|  61|0x0000000086500000, 0x0000000086500000, 0x0000000086600000|  0%| F|  |TAMS 0x0000000086500000, 0x0000000086500000| Untracked 
|  62|0x0000000086600000, 0x0000000086600000, 0x0000000086700000|  0%| F|  |TAMS 0x0000000086600000, 0x0000000086600000| Untracked 
|  63|0x0000000086700000, 0x0000000086700000, 0x0000000086800000|  0%| F|  |TAMS 0x0000000086700000, 0x0000000086700000| Untracked 
|  64|0x0000000086800000, 0x0000000086800000, 0x0000000086900000|  0%| F|  |TAMS 0x0000000086800000, 0x0000000086800000| Untracked 
|  65|0x0000000086900000, 0x0000000086900000, 0x0000000086a00000|  0%| F|  |TAMS 0x0000000086900000, 0x0000000086900000| Untracked 
|  66|0x0000000086a00000, 0x0000000086a00000, 0x0000000086b00000|  0%| F|  |TAMS 0x0000000086a00000, 0x0000000086a00000| Untracked 
|  67|0x0000000086b00000, 0x0000000086b00000, 0x0000000086c00000|  0%| F|  |TAMS 0x0000000086b00000, 0x0000000086b00000| Untracked 
|  68|0x0000000086c00000, 0x0000000086c00000, 0x0000000086d00000|  0%| F|  |TAMS 0x0000000086c00000, 0x0000000086c00000| Untracked 
|  69|0x0000000086d00000, 0x0000000086d00000, 0x0000000086e00000|  0%| F|  |TAMS 0x0000000086d00000, 0x0000000086d00000| Untracked 
|  70|0x0000000086e00000, 0x0000000086e00000, 0x0000000086f00000|  0%| F|  |TAMS 0x0000000086e00000, 0x0000000086e00000| Untracked 
|  71|0x0000000086f00000, 0x0000000086f00000, 0x0000000087000000|  0%| F|  |TAMS 0x0000000086f00000, 0x0000000086f00000| Untracked 
|  72|0x0000000087000000, 0x0000000087000000, 0x0000000087100000|  0%| F|  |TAMS 0x0000000087000000, 0x0000000087000000| Untracked 
|  73|0x0000000087100000, 0x0000000087100000, 0x0000000087200000|  0%| F|  |TAMS 0x0000000087100000, 0x0000000087100000| Untracked 
|  74|0x0000000087200000, 0x0000000087200000, 0x0000000087300000|  0%| F|  |TAMS 0x0000000087200000, 0x0000000087200000| Untracked 
|  75|0x0000000087300000, 0x0000000087300000, 0x0000000087400000|  0%| F|  |TAMS 0x0000000087300000, 0x0000000087300000| Untracked 
|  76|0x0000000087400000, 0x0000000087400000, 0x0000000087500000|  0%| F|  |TAMS 0x0000000087400000, 0x0000000087400000| Untracked 
|  77|0x0000000087500000, 0x0000000087500000, 0x0000000087600000|  0%| F|  |TAMS 0x0000000087500000, 0x0000000087500000| Untracked 
|  78|0x0000000087600000, 0x0000000087600000, 0x0000000087700000|  0%| F|  |TAMS 0x0000000087600000, 0x0000000087600000| Untracked 
|  79|0x0000000087700000, 0x0000000087700000, 0x0000000087800000|  0%| F|  |TAMS 0x0000000087700000, 0x0000000087700000| Untracked 
|  80|0x0000000087800000, 0x0000000087800000, 0x0000000087900000|  0%| F|  |TAMS 0x0000000087800000, 0x0000000087800000| Untracked 
|  81|0x0000000087900000, 0x0000000087900000, 0x0000000087a00000|  0%| F|  |TAMS 0x0000000087900000, 0x0000000087900000| Untracked 
|  82|0x0000000087a00000, 0x0000000087a00000, 0x0000000087b00000|  0%| F|  |TAMS 0x0000000087a00000, 0x0000000087a00000| Untracked 
|  83|0x0000000087b00000, 0x0000000087b00000, 0x0000000087c00000|  0%| F|  |TAMS 0x0000000087b00000, 0x0000000087b00000| Untracked 
|  84|0x0000000087c00000, 0x0000000087c00000, 0x0000000087d00000|  0%| F|  |TAMS 0x0000000087c00000, 0x0000000087c00000| Untracked 
|  85|0x0000000087d00000, 0x0000000087d00000, 0x0000000087e00000|  0%| F|  |TAMS 0x0000000087d00000, 0x0000000087d00000| Untracked 
|  86|0x0000000087e00000, 0x0000000087e00000, 0x0000000087f00000|  0%| F|  |TAMS 0x0000000087e00000, 0x0000000087e00000| Untracked 
|  87|0x0000000087f00000, 0x0000000087f00000, 0x0000000088000000|  0%| F|  |TAMS 0x0000000087f00000, 0x0000000087f00000| Untracked 
|  88|0x0000000088000000, 0x0000000088000000, 0x0000000088100000|  0%| F|  |TAMS 0x0000000088000000, 0x0000000088000000| Untracked 
|  89|0x0000000088100000, 0x0000000088100000, 0x0000000088200000|  0%| F|  |TAMS 0x0000000088100000, 0x0000000088100000| Untracked 
|  90|0x0000000088200000, 0x0000000088200000, 0x0000000088300000|  0%| F|  |TAMS 0x0000000088200000, 0x0000000088200000| Untracked 
|  91|0x0000000088300000, 0x0000000088300000, 0x0000000088400000|  0%| F|  |TAMS 0x0000000088300000, 0x0000000088300000| Untracked 
|  92|0x0000000088400000, 0x0000000088400000, 0x0000000088500000|  0%| F|  |TAMS 0x0000000088400000, 0x0000000088400000| Untracked 
|  93|0x0000000088500000, 0x0000000088500000, 0x0000000088600000|  0%| F|  |TAMS 0x0000000088500000, 0x0000000088500000| Untracked 
|  94|0x0000000088600000, 0x0000000088600000, 0x0000000088700000|  0%| F|  |TAMS 0x0000000088600000, 0x0000000088600000| Untracked 
|  95|0x0000000088700000, 0x0000000088700000, 0x0000000088800000|  0%| F|  |TAMS 0x0000000088700000, 0x0000000088700000| Untracked 
|  96|0x0000000088800000, 0x0000000088800000, 0x0000000088900000|  0%| F|  |TAMS 0x0000000088800000, 0x0000000088800000| Untracked 
|  97|0x0000000088900000, 0x0000000088900000, 0x0000000088a00000|  0%| F|  |TAMS 0x0000000088900000, 0x0000000088900000| Untracked 
|  98|0x0000000088a00000, 0x0000000088a00000, 0x0000000088b00000|  0%| F|  |TAMS 0x0000000088a00000, 0x0000000088a00000| Untracked 
|  99|0x0000000088b00000, 0x0000000088b00000, 0x0000000088c00000|  0%| F|  |TAMS 0x0000000088b00000, 0x0000000088b00000| Untracked 
| 100|0x0000000088c00000, 0x0000000088c00000, 0x0000000088d00000|  0%| F|  |TAMS 0x0000000088c00000, 0x0000000088c00000| Untracked 
| 101|0x0000000088d00000, 0x0000000088d00000, 0x0000000088e00000|  0%| F|  |TAMS 0x0000000088d00000, 0x0000000088d00000| Untracked 
| 102|0x0000000088e00000, 0x0000000088e00000, 0x0000000088f00000|  0%| F|  |TAMS 0x0000000088e00000, 0x0000000088e00000| Untracked 
| 103|0x0000000088f00000, 0x0000000088f00000, 0x0000000089000000|  0%| F|  |TAMS 0x0000000088f00000, 0x0000000088f00000| Untracked 
| 104|0x0000000089000000, 0x0000000089000000, 0x0000000089100000|  0%| F|  |TAMS 0x0000000089000000, 0x0000000089000000| Untracked 
| 105|0x0000000089100000, 0x0000000089100000, 0x0000000089200000|  0%| F|  |TAMS 0x0000000089100000, 0x0000000089100000| Untracked 
| 106|0x0000000089200000, 0x0000000089200000, 0x0000000089300000|  0%| F|  |TAMS 0x0000000089200000, 0x0000000089200000| Untracked 
| 107|0x0000000089300000, 0x0000000089300000, 0x0000000089400000|  0%| F|  |TAMS 0x0000000089300000, 0x0000000089300000| Untracked 
| 108|0x0000000089400000, 0x0000000089400000, 0x0000000089500000|  0%| F|  |TAMS 0x0000000089400000, 0x0000000089400000| Untracked 
| 109|0x0000000089500000, 0x00000000895f81d0, 0x0000000089600000| 96%| E|  |TAMS 0x0000000089500000, 0x0000000089500000| Complete 
| 110|0x0000000089600000, 0x0000000089700000, 0x0000000089700000|100%| E|CS|TAMS 0x0000000089600000, 0x0000000089600000| Complete 
| 111|0x0000000089700000, 0x0000000089800000, 0x0000000089800000|100%| E|CS|TAMS 0x0000000089700000, 0x0000000089700000| Complete 
| 112|0x0000000089800000, 0x0000000089900000, 0x0000000089900000|100%| E|CS|TAMS 0x0000000089800000, 0x0000000089800000| Complete 
| 113|0x0000000089900000, 0x0000000089a00000, 0x0000000089a00000|100%| E|CS|TAMS 0x0000000089900000, 0x0000000089900000| Complete 
| 114|0x0000000089a00000, 0x0000000089b00000, 0x0000000089b00000|100%| E|CS|TAMS 0x0000000089a00000, 0x0000000089a00000| Complete 
| 115|0x0000000089b00000, 0x0000000089c00000, 0x0000000089c00000|100%| E|CS|TAMS 0x0000000089b00000, 0x0000000089b00000| Complete 
| 116|0x0000000089c00000, 0x0000000089d00000, 0x0000000089d00000|100%| E|CS|TAMS 0x0000000089c00000, 0x0000000089c00000| Complete 
| 117|0x0000000089d00000, 0x0000000089e00000, 0x0000000089e00000|100%| E|CS|TAMS 0x0000000089d00000, 0x0000000089d00000| Complete 
| 118|0x0000000089e00000, 0x0000000089f00000, 0x0000000089f00000|100%| E|  |TAMS 0x0000000089e00000, 0x0000000089e00000| Complete 
| 119|0x0000000089f00000, 0x000000008a000000, 0x000000008a000000|100%| E|CS|TAMS 0x0000000089f00000, 0x0000000089f00000| Complete 
| 120|0x000000008a000000, 0x000000008a100000, 0x000000008a100000|100%| E|CS|TAMS 0x000000008a000000, 0x000000008a000000| Complete 
| 121|0x000000008a100000, 0x000000008a200000, 0x000000008a200000|100%| E|CS|TAMS 0x000000008a100000, 0x000000008a100000| Complete 
| 122|0x000000008a200000, 0x000000008a300000, 0x000000008a300000|100%| E|CS|TAMS 0x000000008a200000, 0x000000008a200000| Complete 
| 123|0x000000008a300000, 0x000000008a400000, 0x000000008a400000|100%| E|CS|TAMS 0x000000008a300000, 0x000000008a300000| Complete 
| 124|0x000000008a400000, 0x000000008a500000, 0x000000008a500000|100%| E|CS|TAMS 0x000000008a400000, 0x000000008a400000| Complete 
| 125|0x000000008a500000, 0x000000008a600000, 0x000000008a600000|100%| E|CS|TAMS 0x000000008a500000, 0x000000008a500000| Complete 

Card table byte_map: [0x0000029359170000,0x0000029359560000] _byte_map_base: 0x0000029358d5c000

Marking Bits (Prev, Next): (CMBitMap*) 0x0000029340fad188, (CMBitMap*) 0x0000029340fad1c0
 Prev Bits: [0x0000029359950000, 0x000002935b8b0000)
 Next Bits: [0x000002935b8b0000, 0x000002935d810000)

Polling page: 0x0000029341050000

Metaspace:

Usage:
  Non-class:     15.79 MB capacity,    15.52 MB ( 98%) used,   227.90 KB (  1%) free+waste,    51.31 KB ( <1%) overhead. 
      Class:      2.16 MB capacity,     1.92 MB ( 89%) used,   220.99 KB ( 10%) free+waste,    27.06 KB (  1%) overhead. 
       Both:     17.96 MB capacity,    17.44 MB ( 97%) used,   448.89 KB (  2%) free+waste,    78.38 KB ( <1%) overhead. 

Virtual space:
  Non-class space:       16.00 MB reserved,      16.00 MB (100%) committed 
      Class space:        1.00 GB reserved,       2.25 MB ( <1%) committed 
             Both:        1.02 GB reserved,      18.25 MB (  2%) committed 

Chunk freelists:
   Non-Class:  2.50 KB
       Class:  3.00 KB
        Both:  5.50 KB

CodeHeap 'non-profiled nmethods': size=120000Kb used=415Kb max_used=415Kb free=119584Kb
 bounds [0x0000029350df0000, 0x0000029351060000, 0x0000029358320000]
CodeHeap 'profiled nmethods': size=120000Kb used=2194Kb max_used=2194Kb free=117805Kb
 bounds [0x00000293498c0000, 0x0000029349b30000, 0x0000029350df0000]
CodeHeap 'non-nmethods': size=5760Kb used=1233Kb max_used=1234Kb free=4526Kb
 bounds [0x0000029349320000, 0x0000029349590000, 0x00000293498c0000]
 total_blobs=2031 nmethods=1226 adapters=508
 compilation: enabled
              stopped_count=0, restarted_count=0
 full_count=0

Compilation events (10 events):
Event: 1.934 Thread 0x0000029360c13800 nmethod 1123 0x0000029349ab4410 code [0x0000029349ab4600, 0x0000029349ab4ad0]
Event: 1.934 Thread 0x0000029360c13800 1127       3       java.util.TreeMap::getEntryUsingComparator (74 bytes)
Event: 1.934 Thread 0x0000029360c13800 nmethod 1127 0x0000029349ab4c90 code [0x0000029349ab4e60, 0x0000029349ab5270]
Event: 1.934 Thread 0x00000293633b3800 nmethod 1053 0x0000029350e4e590 code [0x0000029350e4e840, 0x0000029350e4fa90]
Event: 1.934 Thread 0x0000029360c13800 1125       3       javax.management.ImmutableDescriptor::findNonEmpty (27 bytes)
Event: 1.934 Thread 0x00000293633b3800 1111       4       java.lang.String::<init> (15 bytes)
Event: 1.935 Thread 0x0000029360c13800 nmethod 1125 0x0000029349ab5390 code [0x0000029349ab5560, 0x0000029349ab5810]
Event: 1.935 Thread 0x0000029360c13800 1128       3       java.util.TreeMap$PrivateEntryIterator::<init> (28 bytes)
Event: 1.935 Thread 0x0000029360c13800 nmethod 1128 0x0000029349ab5910 code [0x0000029349ab5ae0, 0x0000029349ab5d98]
Event: 1.935 Thread 0x0000029360c13800 1126       3       javax.management.ImmutableDescriptor::isEmpty (46 bytes)

GC Heap History (0 events):
No events

Deoptimization events (7 events):
Event: 0.212 Thread 0x0000029340f6f800 Uncommon trap: reason=unstable_if action=reinterpret pc=0x0000029350df55a0 method=java.lang.String.hashCode()I @ 14 c2
Event: 0.372 Thread 0x0000029340f6f800 Uncommon trap: reason=profile_predicate action=maybe_recompile pc=0x0000029350e05b14 method=jdk.internal.org.objectweb.asm.ByteVector.putUTF8(Ljava/lang/String;)Ljdk/internal/org/objectweb/asm/ByteVector; @ 77 c2
Event: 0.372 Thread 0x0000029340f6f800 Uncommon trap: reason=profile_predicate action=maybe_recompile pc=0x0000029350e05b14 method=jdk.internal.org.objectweb.asm.ByteVector.putUTF8(Ljava/lang/String;)Ljdk/internal/org/objectweb/asm/ByteVector; @ 77 c2
Event: 0.372 Thread 0x0000029340f6f800 Uncommon trap: reason=profile_predicate action=maybe_recompile pc=0x0000029350e05b14 method=jdk.internal.org.objectweb.asm.ByteVector.putUTF8(Ljava/lang/String;)Ljdk/internal/org/objectweb/asm/ByteVector; @ 77 c2
Event: 0.372 Thread 0x0000029340f6f800 Uncommon trap: reason=profile_predicate action=maybe_recompile pc=0x0000029350e05b14 method=jdk.internal.org.objectweb.asm.ByteVector.putUTF8(Ljava/lang/String;)Ljdk/internal/org/objectweb/asm/ByteVector; @ 77 c2
Event: 0.841 Thread 0x0000029340f6f800 Uncommon trap: reason=unstable_if action=reinterpret pc=0x0000029350e2dae4 method=java.lang.StringLatin1.replace([BCC)Ljava/lang/String; @ 19 c2
Event: 1.865 Thread 0x0000029360d87000 Uncommon trap: reason=unstable_if action=reinterpret pc=0x0000029350e23c4c method=jdk.internal.org.objectweb.asm.Frame.execute(IILjdk/internal/org/objectweb/asm/ClassWriter;Ljdk/internal/org/objectweb/asm/Item;)V @ 1 c2

Classes redefined (0 events):
No events

Internal exceptions (10 events):
Event: 0.749 Thread 0x0000029340f6f800 Exception <a 'java/lang/NullPointerException'{0x0000000089b48358}> (0x0000000089b48358) thrown at [t:/workspace/open/src/hotspot/share/interpreter/linkResolver.cpp, line 1354]
Event: 0.782 Thread 0x0000029340f6f800 Exception <a 'java/lang/NoSuchMethodError'{0x0000000089a211c0}: java.lang.invoke.DirectMethodHandle$Holder.invokeStatic(Ljava/lang/Object;Ljava/lang/Object;Ljava/lang/Object;Ljava/lang/Object;Ljava/lang/Object;Ljava/lang/Object;Ljava/lang/Object;Ljava/lan
Event: 0.784 Thread 0x0000029340f6f800 Exception <a 'java/lang/NoSuchMethodError'{0x0000000089a3f0b8}: java.lang.invoke.DirectMethodHandle$Holder.invokeStatic(Ljava/lang/Object;Ljava/lang/Object;Ljava/lang/Object;Ljava/lang/Object;Ljava/lang/Object;Ljava/lang/Object;Ljava/lang/Object;Ljava/lan
Event: 0.786 Thread 0x0000029340f6f800 Exception <a 'java/lang/NoSuchMethodError'{0x0000000089a5df00}: java.lang.invoke.DirectMethodHandle$Holder.invokeStatic(Ljava/lang/Object;Ljava/lang/Object;Ljava/lang/Object;Ljava/lang/Object;Ljava/lang/Object;Ljava/lang/Object;Ljava/lang/Object;Ljava/lan
Event: 0.789 Thread 0x0000029340f6f800 Exception <a 'java/lang/NoSuchMethodError'{0x0000000089a7e560}: java.lang.invoke.DirectMethodHandle$Holder.invokeStatic(Ljava/lang/Object;Ljava/lang/Object;Ljava/lang/Object;Ljava/lang/Object;Ljava/lang/Object;Ljava/lang/Object;Ljava/lang/Object;Ljava/lan
Event: 0.878 Thread 0x0000029340f6f800 Exception <a 'java/lang/NoSuchMethodError'{0x0000000089901928}: java.lang.invoke.DirectMethodHandle$Holder.invokeStaticInit(Ljava/lang/Object;)V> (0x0000000089901928) thrown at [t:/workspace/open/src/hotspot/share/interpreter/linkResolver.cpp, line 772]
Event: 0.893 Thread 0x0000029340f6f800 Exception <a 'java/lang/NoSuchMethodError'{0x0000000089953740}: java.lang.invoke.Invokers$Holder.linkToTargetMethod(Ljava/lang/Object;ILjava/lang/Object;)Ljava/lang/Object;> (0x0000000089953740) thrown at [t:/workspace/open/src/hotspot/share/interpreter/l
Event: 1.866 Thread 0x0000029360d87000 Exception <a 'java/lang/NoSuchMethodError'{0x0000000089720858}: java.lang.invoke.DirectMethodHandle$Holder.invokeStaticInit(Ljava/lang/Object;Ljava/lang/Object;Ljava/lang/Object;)Ljava/lang/Object;> (0x0000000089720858) thrown at [t:/workspace/open/src/ho
Event: 1.869 Thread 0x0000029360d87000 Exception <a 'java/lang/NoSuchMethodError'{0x000000008973d790}: java.lang.invoke.DirectMethodHandle$Holder.invokeInterface(Ljava/lang/Object;Ljava/lang/Object;)I> (0x000000008973d790) thrown at [t:/workspace/open/src/hotspot/share/interpreter/linkResolver
Event: 1.870 Thread 0x0000029360d87000 Exception <a 'java/lang/IncompatibleClassChangeError'{0x00000000897407b0}: Found class java.lang.Object, but interface was expected> (0x00000000897407b0) thrown at [t:/workspace/open/src/hotspot/share/interpreter/linkResolver.cpp, line 838]

Events (10 events):
Event: 1.933 loading class javax/management/openmbean/OpenMBeanOperationInfoSupport
Event: 1.933 loading class javax/management/openmbean/OpenMBeanOperationInfo
Event: 1.933 loading class javax/management/openmbean/OpenMBeanOperationInfo done
Event: 1.933 loading class javax/management/openmbean/OpenMBeanOperationInfoSupport done
Event: 1.933 loading class javax/management/MBeanInfo$ArrayGettersSafeAction
Event: 1.933 loading class javax/management/MBeanInfo$ArrayGettersSafeAction done
Event: 1.934 loading class sun/management/ClassLoadingImpl
Event: 1.934 loading class java/lang/management/ClassLoadingMXBean
Event: 1.934 loading class java/lang/management/ClassLoadingMXBean done
Event: 1.934 loading class sun/management/ClassLoadingImpl done


Dynamic libraries:
0x00007ff68dd00000 - 0x00007ff68dd45000 	C:\Program Files\java\jdk-11.0.2\bin\javaw.exe
0x00007ffb6fdb0000 - 0x00007ffb6ff91000 	C:\WINDOWS\SYSTEM32\ntdll.dll
0x00007ffb6d480000 - 0x00007ffb6d531000 	C:\WINDOWS\System32\KERNEL32.DLL
0x00007ffb6c470000 - 0x00007ffb6c6e3000 	C:\WINDOWS\System32\KERNELBASE.dll
0x00007ffb6d250000 - 0x00007ffb6d3e0000 	C:\WINDOWS\System32\USER32.dll
0x00007ffb6cfb0000 - 0x00007ffb6cfd0000 	C:\WINDOWS\System32\win32u.dll
0x00007ffb6fc10000 - 0x00007ffb6fc38000 	C:\WINDOWS\System32\GDI32.dll
0x00007ffb6c180000 - 0x00007ffb6c312000 	C:\WINDOWS\System32\gdi32full.dll
0x00007ffb6ce00000 - 0x00007ffb6ce9f000 	C:\WINDOWS\System32\msvcp_win.dll
0x00007ffb6c370000 - 0x00007ffb6c468000 	C:\WINDOWS\System32\ucrtbase.dll
0x00007ffb50cc0000 - 0x00007ffb50f29000 	C:\WINDOWS\WinSxS\amd64_microsoft.windows.common-controls_6595b64144ccf1df_6.0.17134.765_none_fb42a1a930655896\COMCTL32.dll
0x00007ffb6d3e0000 - 0x00007ffb6d47e000 	C:\WINDOWS\System32\msvcrt.dll
0x00007ffb6ecc0000 - 0x00007ffb6efe2000 	C:\WINDOWS\System32\combase.dll
0x00007ffb6eb90000 - 0x00007ffb6ecb4000 	C:\WINDOWS\System32\RPCRT4.dll
0x00007ffb6cfd0000 - 0x00007ffb6d04a000 	C:\WINDOWS\System32\bcryptPrimitives.dll
0x00007ffb6eff0000 - 0x00007ffb6f01d000 	C:\WINDOWS\System32\IMM32.DLL
0x00007ffb66e90000 - 0x00007ffb66ea6000 	C:\Program Files\java\jdk-11.0.2\bin\vcruntime140.dll
0x00007ffb571b0000 - 0x00007ffb5725a000 	C:\Program Files\java\jdk-11.0.2\bin\msvcp140.dll
0x00007ffb30ea0000 - 0x00007ffb319c3000 	C:\Program Files\java\jdk-11.0.2\bin\server\jvm.dll
0x00007ffb6f210000 - 0x00007ffb6f2b1000 	C:\WINDOWS\System32\ADVAPI32.dll
0x00007ffb6d540000 - 0x00007ffb6d59b000 	C:\WINDOWS\System32\sechost.dll
0x00007ffb6eb80000 - 0x00007ffb6eb88000 	C:\WINDOWS\System32\PSAPI.DLL
0x00007ffb5adb0000 - 0x00007ffb5adb9000 	C:\WINDOWS\SYSTEM32\WSOCK32.dll
0x00007ffb69930000 - 0x00007ffb69953000 	C:\WINDOWS\SYSTEM32\WINMM.dll
0x00007ffb6fd10000 - 0x00007ffb6fd7c000 	C:\WINDOWS\System32\WS2_32.dll
0x00007ffb59c60000 - 0x00007ffb59c6a000 	C:\WINDOWS\SYSTEM32\VERSION.dll
0x00007ffb69900000 - 0x00007ffb6992a000 	C:\WINDOWS\SYSTEM32\winmmbase.dll
0x00007ffb6c320000 - 0x00007ffb6c369000 	C:\WINDOWS\System32\cfgmgr32.dll
0x00007ffb6c160000 - 0x00007ffb6c171000 	C:\WINDOWS\System32\kernel.appcore.dll
0x00007ffb66200000 - 0x00007ffb66211000 	C:\Program Files\java\jdk-11.0.2\bin\verify.dll
0x00007ffb6ab10000 - 0x00007ffb6acd9000 	C:\WINDOWS\SYSTEM32\DBGHELP.DLL
0x00007ffb63290000 - 0x00007ffb632b9000 	C:\WINDOWS\SYSTEM32\dbgcore.DLL
0x00007ffb5caa0000 - 0x00007ffb5cac8000 	C:\Program Files\java\jdk-11.0.2\bin\java.dll
0x00007ffb65df0000 - 0x00007ffb65e06000 	C:\Program Files\java\jdk-11.0.2\bin\zip.dll
0x00007ffb67eb0000 - 0x00007ffb67eba000 	C:\Program Files\java\jdk-11.0.2\bin\jimage.dll
0x00007ffb6d5a0000 - 0x00007ffb6e9e0000 	C:\WINDOWS\System32\SHELL32.dll
0x00007ffb6f8c0000 - 0x00007ffb6f969000 	C:\WINDOWS\System32\shcore.dll
0x00007ffb6c6f0000 - 0x00007ffb6cdfd000 	C:\WINDOWS\System32\windows.storage.dll
0x00007ffb6f860000 - 0x00007ffb6f8b1000 	C:\WINDOWS\System32\shlwapi.dll
0x00007ffb6c0c0000 - 0x00007ffb6c0df000 	C:\WINDOWS\System32\profapi.dll
0x00007ffb6c0f0000 - 0x00007ffb6c13c000 	C:\WINDOWS\System32\powrprof.dll
0x00007ffb6c0e0000 - 0x00007ffb6c0ea000 	C:\WINDOWS\System32\FLTLIB.DLL
0x00007ffb65d90000 - 0x00007ffb65da9000 	C:\Program Files\java\jdk-11.0.2\bin\net.dll
0x00007ffb5baa0000 - 0x00007ffb5bc68000 	C:\WINDOWS\SYSTEM32\urlmon.dll
0x00007ffb6a130000 - 0x00007ffb6a20d000 	C:\WINDOWS\SYSTEM32\WINHTTP.dll
0x00007ffb55bd0000 - 0x00007ffb55e77000 	C:\WINDOWS\SYSTEM32\iertutil.dll
0x00007ffb6ba90000 - 0x00007ffb6ba9b000 	C:\WINDOWS\SYSTEM32\CRYPTBASE.DLL
0x00007ffb6b8e0000 - 0x00007ffb6b946000 	C:\WINDOWS\system32\mswsock.dll
0x00007ffb5bc80000 - 0x00007ffb5bc93000 	C:\Program Files\java\jdk-11.0.2\bin\nio.dll
0x00007ffb41670000 - 0x00007ffb4180e000 	C:\Program Files\java\jdk-11.0.2\bin\awt.dll
0x00007ffb6fc40000 - 0x00007ffb6fd02000 	C:\WINDOWS\System32\OLEAUT32.dll
0x00007ffb68200000 - 0x00007ffb687c7000 	C:\WINDOWS\SYSTEM32\d2d1.dll
0x00007ffb69a20000 - 0x00007ffb69aab000 	C:\WINDOWS\SYSTEM32\apphelp.dll
0x00007ffb6a490000 - 0x00007ffb6a4b9000 	C:\WINDOWS\system32\DWMAPI.DLL
0x00007ffb69ee0000 - 0x00007ffb69f78000 	C:\WINDOWS\system32\uxtheme.dll
0x00007ffb58270000 - 0x00007ffb58390000 	C:\WINDOWS\system32\opengl32.dll
0x00007ffb66ec0000 - 0x00007ffb66eec000 	C:\WINDOWS\SYSTEM32\GLU32.dll
0x00007ffb6f090000 - 0x00007ffb6f203000 	C:\WINDOWS\System32\MSCTF.dll
0x00007ffb6f990000 - 0x00007ffb6fae1000 	C:\WINDOWS\System32\ole32.dll
0x00007ffb57130000 - 0x00007ffb571b0000 	C:\Program Files\java\jdk-11.0.2\bin\freetype.dll
0x00007ffb56d50000 - 0x00007ffb56dbf000 	C:\Program Files\java\jdk-11.0.2\bin\fontmanager.dll
0x00007ffb6fb70000 - 0x00007ffb6fc10000 	C:\WINDOWS\System32\clbcatq.dll
0x00007ffb67230000 - 0x00007ffb673de000 	C:\WINDOWS\SYSTEM32\WindowsCodecs.dll
0x00007ffb51c60000 - 0x00007ffb51cb8000 	C:\WINDOWS\system32\dataexchange.dll
0x00007ffb68c00000 - 0x00007ffb68f0b000 	C:\WINDOWS\system32\d3d11.dll
0x00007ffb69090000 - 0x00007ffb6922c000 	C:\WINDOWS\system32\dcomp.dll
0x00007ffb6ae80000 - 0x00007ffb6af3b000 	C:\WINDOWS\system32\dxgi.dll
0x00007ffb6a520000 - 0x00007ffb6a6d8000 	C:\WINDOWS\system32\twinapi.appcore.dll
0x00007ffb6a4c0000 - 0x00007ffb6a4e9000 	C:\WINDOWS\system32\RMCLIENT.dll
0x00007ffb5ea70000 - 0x00007ffb5eb06000 	C:\WINDOWS\System32\TextInputFramework.dll
0x00007ffb66410000 - 0x00007ffb6672e000 	C:\WINDOWS\System32\CoreUIComponents.dll
0x00007ffb69700000 - 0x00007ffb697da000 	C:\WINDOWS\System32\CoreMessaging.dll
0x00007ffb6b1b0000 - 0x00007ffb6b1e1000 	C:\WINDOWS\SYSTEM32\ntmarta.dll
0x00007ffb677f0000 - 0x00007ffb6793d000 	C:\WINDOWS\SYSTEM32\wintypes.dll
0x00007ffb41b20000 - 0x00007ffb41bf1000 	C:\Windows\System32\IME\IMEKR\imkrtip.dll
0x00007ffb69b90000 - 0x00007ffb69d44000 	C:\WINDOWS\SYSTEM32\PROPSYS.dll
0x00007ffb419c0000 - 0x00007ffb41b16000 	C:\Windows\System32\IME\shared\imetip.dll
0x00007ffb41810000 - 0x00007ffb419bb000 	C:\WINDOWS\SYSTEM32\DUI70.dll
0x00007ffb5c380000 - 0x00007ffb5c3eb000 	C:\WINDOWS\SYSTEM32\OLEACC.dll
0x00007ffb41e90000 - 0x00007ffb41ecd000 	C:\Windows\System32\IME\IMEKR\imkrapi.dll
0x00007ffb41540000 - 0x00007ffb41580000 	C:\Windows\System32\IME\shared\imjkapi.dll
0x00007ffb67ea0000 - 0x00007ffb67ea9000 	C:\Program Files\java\jdk-11.0.2\bin\management.dll
0x00007ffb67440000 - 0x00007ffb6744c000 	C:\Program Files\java\jdk-11.0.2\bin\management_ext.dll

dbghelp: loaded successfully - version: 4.0.5 - missing functions: none
symbol engine: initialized successfully - sym options: 0x614 - pdb path: .;C:\Program Files\java\jdk-11.0.2\bin;C:\WINDOWS\SYSTEM32;C:\WINDOWS\WinSxS\amd64_microsoft.windows.common-controls_6595b64144ccf1df_6.0.17134.765_none_fb42a1a930655896;C:\Program Files\java\jdk-11.0.2\bin\server;C:\Windows\System32\IME\IMEKR;C:\Windows\System32\IME\shared

VM Arguments:
jvm_args: -Dfile.encoding=MS949 
java_command: Parkinglot.Login
java_class_path (initial): C:\Users\GeonHa\Desktop\ÀÌ½ÂÈ¯\JAVA\Parking\Parking\bin;C:\Users\GeonHa\Desktop\ÀÌ½ÂÈ¯\JAVA\Parking\Parking\lib\ojdbc6.jar;C:\Users\GeonHa\Downloads\jfreechart-1.0.19\lib\jcommon-1.0.23.jar;C:\Users\GeonHa\Downloads\jfreechart-1.0.19\lib\jfreechart-1.0.19.jar
Launcher Type: SUN_STANDARD

[Global flags]
     intx CICompilerCount                          = 4                                         {product} {ergonomic}
     uint ConcGCThreads                            = 2                                         {product} {ergonomic}
     uint G1ConcRefinementThreads                  = 8                                         {product} {ergonomic}
   size_t G1HeapRegionSize                         = 1048576                                   {product} {ergonomic}
    uintx GCDrainStackTargetSize                   = 64                                        {product} {ergonomic}
   size_t InitialHeapSize                          = 132120576                                 {product} {ergonomic}
   size_t MarkStackSize                            = 4194304                                   {product} {ergonomic}
   size_t MaxHeapSize                              = 2105540608                                {product} {ergonomic}
   size_t MaxNewSize                               = 1262485504                                {product} {ergonomic}
   size_t MinHeapDeltaBytes                        = 1048576                                   {product} {ergonomic}
    uintx NonNMethodCodeHeapSize                   = 5835340                                {pd product} {ergonomic}
    uintx NonProfiledCodeHeapSize                  = 122911450                              {pd product} {ergonomic}
    uintx ProfiledCodeHeapSize                     = 122911450                              {pd product} {ergonomic}
    uintx ReservedCodeCacheSize                    = 251658240                              {pd product} {ergonomic}
     bool SegmentedCodeCache                       = true                                      {product} {ergonomic}
     bool UseCompressedClassPointers               = true                                 {lp64_product} {ergonomic}
     bool UseCompressedOops                        = true                                 {lp64_product} {ergonomic}
     bool UseG1GC                                  = true                                      {product} {ergonomic}
     bool UseLargePagesIndividualAllocation        = false                                  {pd product} {ergonomic}

Logging:
Log output configuration:
 #0: stdout all=warning uptime,level,tags
 #1: stderr all=off uptime,level,tags

Environment Variables:
PATH=C:/Program Files/java/jdk-11.0.2/bin/server;C:/Program Files/java/jdk-11.0.2/bin;C:\oraclexe\app\oracle\product\11.2.0\server\bin;;C:\Program Files\java\jdk-11.0.2\bin;C:\Program Files (x86)\Intel\iCLS Client\;C:\Program Files\Intel\iCLS Client\;C:\WINDOWS\system32;C:\WINDOWS;C:\WINDOWS\System32\Wbem;C:\WINDOWS\System32\WindowsPowerShell\v1.0\;C:\Program Files (x86)\Intel\Intel(R) Management Engine Components\DAL;C:\Program Files\Intel\Intel(R) Management Engine Components\DAL;C:\Program Files (x86)\Intel\Intel(R) Management Engine Components\IPT;C:\Program Files\Intel\Intel(R) Management Engine Components\IPT;C:\Program Files\Intel\WiFi\bin\;C:\Program Files\Common Files\Intel\WirelessCommon\;C:\WINDOWS\System32\OpenSSH\;C:\Program Files\dotnet\;C:\Users\GeonHa\AppData\Local\Microsoft\WindowsApps;C:\Program Files\Bandizip\;C:\Users\GeonHa\Desktop;
USERNAME=User
OS=Windows_NT
PROCESSOR_IDENTIFIER=Intel64 Family 6 Model 142 Stepping 10, GenuineIntel



---------------  S Y S T E M  ---------------

OS: Windows 10 , 64 bit Build 17134 (10.0.17134.753)

CPU:total 8 (initial active 8) (4 cores per cpu, 2 threads per core) family 6 model 142 stepping 10, cmov, cx8, fxsr, mmx, sse, sse2, sse3, ssse3, sse4.1, sse4.2, popcnt, avx, avx2, aes, clmul, erms, 3dnowpref, lzcnt, ht, tsc, tscinvbit, bmi1, bmi2, adx, fma

Memory: 4k page, system-wide physical 8025M (1777M free)
TotalPageFile size 32601M (AvailPageFile size 4M)
current process WorkingSet (physical memory assigned to process): 93M, peak: 93M
current process commit charge ("private bytes"): 237M, peak: 237M

vm_info: OpenJDK 64-Bit Server VM (11.0.2+9) for windows-amd64 JRE (11.0.2+9), built on Jan 18 2019 05:23:22 by "mach5one" with MS VC++ 15.5 (VS2017)

END.
